#
# A fatal error has been detected by the Java Runtime Environment:
#
#  EXCEPTION_ACCESS_VIOLATION (0xc0000005) at pc=0x00007ffb32872db5, pid=17488, tid=16196
#
# JRE version: OpenJDK Runtime Environment Temurin-17.0.7+7 (17.0.7+7) (build 17.0.7+7)
# Java VM: OpenJDK 64-Bit Server VM Temurin-17.0.7+7 (17.0.7+7, mixed mode, sharing, tiered, compressed oops, compressed class ptrs, g1 gc, windows-amd64)
# Problematic frame:
# C  [librdi_filemgmt.dll+0x342db5]
#
# No core dump will be written. Minidumps are not enabled by default on client versions of Windows
#
# If you would like to submit a bug report, please visit:
#   https://github.com/adoptium/adoptium-support/issues
# The crash happened outside the Java Virtual Machine in native code.
# See problematic frame for where to report the bug.
#

---------------  S U M M A R Y ------------

Command Line: -Dsun.java2d.pmoffscreen=false -Dhttps.protocols=TLSv1,TLSv1.1,TLSv1.2 -Dsun.java2d.xrender=false -Dsun.java2d.d3d=false -Dsun.awt.nopixfmt=true -Dsun.java2d.dpiaware=true -Dsun.java2d.uiScale.enabled=false -Dswing.aatext=true -XX:-UsePerfData -Djdk.map.althashing.threshold=512 -XX:StringTableSize=4072 -XX:+UseStringDeduplication -XX:MaxGCPauseMillis=200 -XX:+ParallelRefProcEnabled --add-opens=java.desktop/javax.swing.plaf.synth=ALL-UNNAMED --add-opens=java.base/java.nio=ALL-UNNAMED --add-opens=java.desktop/sun.swing=ALL-UNNAMED --add-opens=java.desktop/javax.swing=ALL-UNNAMED --add-opens=java.desktop/javax.swing.tree=ALL-UNNAMED --add-opens=java.desktop/javax.swing.plaf.basic=ALL-UNNAMED --add-opens=java.desktop/javax.swing.plaf.synth=ALL-UNNAMED --add-opens=java.desktop/javax.swing.plaf.basic=ALL-UNNAMED --add-opens=java.desktop/javax.swing=ALL-UNNAMED --add-opens=java.desktop/javax.swing.tree=ALL-UNNAMED --add-opens=java.desktop/java.awt.event=ALL-UNNAMED --add-exports=java.desktop/javax.swing.plaf.synth=ALL-UNNAMED --add-exports=java.base/java.nio=ALL-UNNAMED --add-exports=java.desktop/sun.swing=ALL-UNNAMED --add-exports=java.desktop/javax.swing=ALL-UNNAMED --add-exports=java.desktop/javax.swing.tree=ALL-UNNAMED --add-exports=java.desktop/javax.swing.plaf.basic=ALL-UNNAMED --add-exports=java.desktop/sun.swing=ALL-UNNAMED --add-exports=java.desktop/sun.swing.table=ALL-UNNAMED --add-exports=java.desktop/sun.swing.plaf.synth=ALL-UNNAMED --add-exports=java.desktop/sun.awt.shell=ALL-UNNAMED --add-exports=java.base/sun.security.action=ALL-UNNAMED --add-exports=java.desktop/sun.font=ALL-UNNAMED -XX:NewSize=80m -XX:MaxNewSize=80m -Xms512m -Xmx4072m -Xss10m 

Host: 11th Gen Intel(R) Core(TM) i5-1135G7 @ 2.40GHz, 8 cores, 15G,  Windows 11 , 64 bit Build 22621 (10.0.22621.3527)
Time: Sat May  4 22:35:02 2024 India Standard Time elapsed time: 678.314486 seconds (0d 0h 11m 18s)

---------------  T H R E A D  ---------------

Current thread (0x0000019593218400):  JavaThread "AWT-EventQueue-0" [_thread_in_native, id=16196, stack(0x000000705c200000,0x000000705cc00000)]

Stack: [0x000000705c200000,0x000000705cc00000],  sp=0x000000705cbfe900,  free space=10234k
Native frames: (J=compiled Java code, j=interpreted, Vv=VM code, C=native code)
C  [librdi_filemgmt.dll+0x342db5]
C  [librdi_filemgmt.dll+0x341605]
C  [librdi_filemgmt.dll+0x35e57f]
C  0x000001958753d621

Java frames: (J=compiled Java code, j=interpreted, Vv=VM code)
j  ui.data.srcscan.srcscani.EditorAssist_createFoldInfoIter(JLjava/lang/String;)J+0
j  ui.j.a.a.ZN(Ljava/lang/String;)J+14
j  ui.j.a.c.a(Ljava/net/URI;)V+26
j  ui.j.a.a.ZK(Ljava/lang/String;)V+8
j  ui.views.W.a.a.ayx(Ljava/lang/String;)V+27
j  ui.views.W.a.a.ldn()V+43
j  ui.views.W.a.h.aPQ()V+20
J 19110 c1 ui.frmwork.z.run()V (15 bytes) @ 0x0000019581fe7b7c [0x0000019581fe7700+0x000000000000047c]
J 14619 c2 java.awt.EventQueue.dispatchEvent(Ljava/awt/AWTEvent;)V java.desktop@17.0.7 (80 bytes) @ 0x0000019587e4e1d4 [0x0000019587e4d860+0x0000000000000974]
J 16435 c2 ui.frmwork.a.d.dispatchEvent(Ljava/awt/AWTEvent;)V (42 bytes) @ 0x0000019588171728 [0x0000019588171660+0x00000000000000c8]
J 21923 c2 java.awt.EventDispatchThread.pumpOneEventForFilters(I)V java.desktop@17.0.7 (113 bytes) @ 0x0000019588b72e74 [0x0000019588b727a0+0x00000000000006d4]
J 21184% c1 java.awt.EventDispatchThread.pumpEventsForFilter(ILjava/awt/Conditional;Ljava/awt/EventFilter;)V java.desktop@17.0.7 (47 bytes) @ 0x00000195817bf874 [0x00000195817bf580+0x00000000000002f4]
j  java.awt.EventDispatchThread.pumpEventsForHierarchy(ILjava/awt/Conditional;Ljava/awt/Component;)V+11 java.desktop@17.0.7
j  java.awt.EventDispatchThread.pumpEvents(ILjava/awt/Conditional;)V+4 java.desktop@17.0.7
j  java.awt.EventDispatchThread.pumpEvents(Ljava/awt/Conditional;)V+3 java.desktop@17.0.7
j  java.awt.EventDispatchThread.run()V+9 java.desktop@17.0.7
v  ~StubRoutines::call_stub

siginfo: EXCEPTION_ACCESS_VIOLATION (0xc0000005), reading address 0x0000019700000247


Register to memory mapping:

RIP=0x00007ffb32872db5 librdi_filemgmt.dll
RAX=0x0000000000000001 is an unknown value
RBX=0x00000195b2073250 points into unknown readable memory: 0x0000019700000247 | 47 02 00 00 97 01 00 00
RCX=0x00000195e0db0000 points into unknown readable memory: 0x0000000000000000 | 00 00 00 00 00 00 00 00
RDX=0x0000019700000247 is an unknown value
RSP=0x000000705cbfe900 is pointing into the stack for thread: 0x0000019593218400
RBP=0x000000705cbfea50 is pointing into the stack for thread: 0x0000019593218400
RSI=0x0 is NULL
RDI=0x00000195996f4430 points into unknown readable memory: 0x00007ffb32a5c890 | 90 c8 a5 32 fb 7f 00 00
R8 =0x0 is NULL
R9 =0x0000000000000001 is an unknown value
R10=0x0000000000000003 is an unknown value
R11=0x000000705cbfe860 is pointing into the stack for thread: 0x0000019593218400
R12=0x000000705cbfebe8 is pointing into the stack for thread: 0x0000019593218400
R13=0x0000019595a782a0 points into unknown readable memory: 0x00000195af0d3d70 | 70 3d 0d af 95 01 00 00
R14=0x0 is NULL
R15=0x00000195ea85dc80 points into unknown readable memory: 0x0055005c003a0043 | 43 00 3a 00 5c 00 55 00


Registers:
RAX=0x0000000000000001, RBX=0x00000195b2073250, RCX=0x00000195e0db0000, RDX=0x0000019700000247
RSP=0x000000705cbfe900, RBP=0x000000705cbfea50, RSI=0x0000000000000000, RDI=0x00000195996f4430
R8 =0x0000000000000000, R9 =0x0000000000000001, R10=0x0000000000000003, R11=0x000000705cbfe860
R12=0x000000705cbfebe8, R13=0x0000019595a782a0, R14=0x0000000000000000, R15=0x00000195ea85dc80
RIP=0x00007ffb32872db5, EFLAGS=0x0000000000010256

Top of Stack: (sp=0x000000705cbfe900)
0x000000705cbfe900:   0000000000000000 0000019500000000
0x000000705cbfe910:   00000195b2073248 000000705cbfea50
0x000000705cbfe920:   fffffffffffffffe 00000195a2101d00
0x000000705cbfe930:   726f775f73757472 0000000000000000
0x000000705cbfe940:   000000000000000f 00000195a2101600
0x000000705cbfe950:   726f775f73757472 0000000000000000
0x000000705cbfe960:   000000000000000f 0000e508b58e8799
0x000000705cbfe970:   00000000000000a2 0000019595a782a0
0x000000705cbfe980:   000000705cbfea50 00007ffb32871605
0x000000705cbfe990:   00000000000000a7 00007ffb3267a624
0x000000705cbfe9a0:   00000000000000a2 00000195996f4430
0x000000705cbfe9b0:   000000071f875e60 00007ffb00000000
0x000000705cbfe9c0:   000028b10f9211c9 000028b10f9210c9
0x000000705cbfe9d0:   00000195ea85dc80 0000019595a782a0
0x000000705cbfe9e0:   000000705cbfebe8 0000000000000001
0x000000705cbfe9f0:   00000195932186a8 000000705cbfebc8 

Instructions: (pc=0x00007ffb32872db5)
0x00007ffb32872cb5:   c2 48 8b 4c 24 30 48 8b c1 48 81 fa 00 10 00 00
0x00007ffb32872cc5:   72 1c 48 83 c2 27 48 8b 49 f8 48 2b c1 48 83 c0
0x00007ffb32872cd5:   f8 48 83 f8 1f 76 07 ff 15 4e eb 19 00 cc e8 74
0x00007ffb32872ce5:   b3 08 00 66 0f 6f 05 d0 33 1a 00 f3 0f 7f 44 24
0x00007ffb32872cf5:   40 c6 44 24 30 00 48 8b cb e8 33 b2 08 00 85 c0
0x00007ffb32872d05:   74 08 8b c8 e8 2e b2 08 00 90 48 8b c6 48 8b 4c
0x00007ffb32872d15:   24 50 48 33 cc e8 81 b7 08 00 48 8b 9c 24 98 00
0x00007ffb32872d25:   00 00 48 83 c4 60 5f 5e 5d c3 cc b8 02 00 00 00
0x00007ffb32872d35:   c3 cc cc cc cc cc cc cc cc cc cc 48 8b c4 56 57
0x00007ffb32872d45:   41 56 48 83 ec 70 48 c7 40 98 fe ff ff ff 48 89
0x00007ffb32872d55:   58 18 48 89 68 20 48 8b 05 2e bf 3f 00 48 33 c4
0x00007ffb32872d65:   48 89 44 24 68 48 8b ea 48 8b f9 48 8b 01 ff 50
0x00007ffb32872d75:   08 8b f0 85 c0 0f 85 1b 01 00 00 48 8b 5f 08 48
0x00007ffb32872d85:   83 c3 08 48 3b 5f 10 0f 84 09 01 00 00 45 33 f6
0x00007ffb32872d95:   48 8b 13 4c 89 74 24 38 48 c7 44 24 40 0f 00 00
0x00007ffb32872da5:   00 c6 44 24 28 00 49 c7 c0 ff ff ff ff 49 ff c0
0x00007ffb32872db5:   42 80 3c 02 00 75 f6 48 8d 4c 24 28 e8 ea 24 ce
0x00007ffb32872dc5:   ff 90 48 8d 54 24 28 48 8d 4c 24 48 ff 15 89 f6
0x00007ffb32872dd5:   19 00 90 48 8b d5 48 8d 4c 24 48 ff 15 ba f3 19
0x00007ffb32872de5:   00 84 c0 75 55 48 8d 4c 24 48 ff 15 93 f5 19 00
0x00007ffb32872df5:   90 48 8b 54 24 40 48 83 fa 10 72 2e 48 ff c2 48
0x00007ffb32872e05:   8b 4c 24 28 48 8b c1 48 81 fa 00 10 00 00 72 15
0x00007ffb32872e15:   48 83 c2 27 48 8b 49 f8 48 2b c1 48 83 c0 f8 48
0x00007ffb32872e25:   83 f8 1f 77 65 e8 2d b2 08 00 48 83 c3 08 48 3b
0x00007ffb32872e35:   5f 10 0f 85 58 ff ff ff eb 5c 48 8b 07 48 8d 54
0x00007ffb32872e45:   24 28 48 8b cf ff 50 08 8b f0 48 8d 4c 24 48 ff
0x00007ffb32872e55:   15 2e f5 19 00 90 48 8b 54 24 40 48 83 fa 10 72
0x00007ffb32872e65:   35 48 ff c2 48 8b 4c 24 28 48 8b c1 48 81 fa 00
0x00007ffb32872e75:   10 00 00 72 1c 48 83 c2 27 48 8b 49 f8 48 2b c1
0x00007ffb32872e85:   48 83 c0 f8 48 83 f8 1f 76 07 ff 15 9b e9 19 00
0x00007ffb32872e95:   cc e8 c1 b1 08 00 8b c6 48 8b 4c 24 68 48 33 cc
0x00007ffb32872ea5:   e8 f6 b5 08 00 4c 8d 5c 24 70 49 8b 5b 30 49 8b 


Stack slot to memory mapping:
stack at sp + 0 slots: 0x0 is NULL
stack at sp + 1 slots: 0x0000019500000000 is an unknown value
stack at sp + 2 slots: 0x00000195b2073248 points into unknown readable memory: 0x00000195b1ecb04c | 4c b0 ec b1 95 01 00 00
stack at sp + 3 slots: 0x000000705cbfea50 is pointing into the stack for thread: 0x0000019593218400
stack at sp + 4 slots: 0xfffffffffffffffe is an unknown value
stack at sp + 5 slots: 0x00000195a2101d00 points into unknown readable memory: 0x007200610048005c | 5c 00 48 00 61 00 72 00
stack at sp + 6 slots: 0x726f775f73757472 is an unknown value
stack at sp + 7 slots: 0x0 is NULL


---------------  P R O C E S S  ---------------

Threads class SMR info:
_java_thread_list=0x00000195a4d9c570, length=53, elements={
0x00000195ea67d2a0, 0x00000195ebb03a90, 0x00000195ebb05b90, 0x00000195ebb11460,
0x00000195ebb17d40, 0x00000195ebb18600, 0x00000195ebb1ced0, 0x00000195ebb21ae0,
0x00000195ebb243f0, 0x00000195ebb2b540, 0x00000195930bc7a0, 0x00000195930bcc70,
0x00000195937f3da0, 0x00000195939545f0, 0x0000019593954120, 0x0000019593abf450,
0x0000019593218400, 0x0000019594d2a120, 0x00000195954b4170, 0x00000195954b7190,
0x00000195954b3ca0, 0x0000019598a4c580, 0x0000019598a49090, 0x000001959c8f4a00,
0x000001959c8f4530, 0x0000019593bd9db0, 0x000001959eb3a380, 0x00000195afcba0b0,
0x00000195afcc1dd0, 0x00000195afcc3110, 0x00000195afcc35e0, 0x00000195afcc3ab0,
0x00000195afcc3f80, 0x00000195afcc4450, 0x00000195afcc6fa0, 0x00000195afcc4920,
0x00000195afcc6ad0, 0x00000195afcccfe0, 0x00000195afcc9150, 0x00000195afcd34f0,
0x00000195b3f82a50, 0x00000195b3f7f560, 0x00000195b3f838c0, 0x00000195b3f7fa30,
0x00000195b3f833f0, 0x00000195b3f7ca10, 0x00000195b3f803d0, 0x00000195b3f84c00,
0x00000195b3f7d3b0, 0x00000195b3f7ebc0, 0x00000195b3f81710, 0x00000195b3f85a70,
0x00000195b3f86410
}

Java Threads: ( => current thread )
  0x00000195ea67d2a0 JavaThread "main" [_thread_blocked, id=5320, stack(0x0000007053500000,0x0000007053600000)]
  0x00000195ebb03a90 JavaThread "Reference Handler" daemon [_thread_blocked, id=14004, stack(0x0000007053d00000,0x0000007054700000)]
  0x00000195ebb05b90 JavaThread "Finalizer" daemon [_thread_blocked, id=18936, stack(0x0000007054700000,0x0000007055100000)]
  0x00000195ebb11460 JavaThread "Signal Dispatcher" daemon [_thread_blocked, id=17392, stack(0x0000007055100000,0x0000007055b00000)]
  0x00000195ebb17d40 JavaThread "Attach Listener" daemon [_thread_blocked, id=13624, stack(0x0000007055b00000,0x0000007056500000)]
  0x00000195ebb18600 JavaThread "Service Thread" daemon [_thread_blocked, id=20180, stack(0x0000007056500000,0x0000007056f00000)]
  0x00000195ebb1ced0 JavaThread "Monitor Deflation Thread" daemon [_thread_blocked, id=17952, stack(0x0000007056f00000,0x0000007057900000)]
  0x00000195ebb21ae0 JavaThread "C2 CompilerThread0" daemon [_thread_blocked, id=2936, stack(0x0000007057900000,0x0000007057a00000)]
  0x00000195ebb243f0 JavaThread "C1 CompilerThread0" daemon [_thread_blocked, id=17748, stack(0x0000007057a00000,0x0000007057b00000)]
  0x00000195ebb2b540 JavaThread "Sweeper thread" daemon [_thread_blocked, id=9524, stack(0x0000007057b00000,0x0000007058500000)]
  0x00000195930bc7a0 JavaThread "Common-Cleaner" daemon [_thread_blocked, id=18336, stack(0x0000007058500000,0x0000007058f00000)]
  0x00000195930bcc70 JavaThread "Notification Thread" daemon [_thread_blocked, id=5456, stack(0x0000007058f00000,0x0000007059900000)]
  0x00000195937f3da0 JavaThread "Java2D Disposer" daemon [_thread_blocked, id=16188, stack(0x0000007059a00000,0x000000705a400000)]
  0x00000195939545f0 JavaThread "AWT-Windows" daemon [_thread_in_native, id=6880, stack(0x000000705ae00000,0x000000705b800000)]
  0x0000019593954120 JavaThread "TimerQueue" daemon [_thread_blocked, id=9892, stack(0x000000705a400000,0x000000705ae00000)]
  0x0000019593abf450 JavaThread "AWT-Shutdown" [_thread_blocked, id=17932, stack(0x000000705b800000,0x000000705c200000)]
=>0x0000019593218400 JavaThread "AWT-EventQueue-0" [_thread_in_native, id=16196, stack(0x000000705c200000,0x000000705cc00000)]
  0x0000019594d2a120 JavaThread "Thread-1" [_thread_in_native, id=16248, stack(0x0000007051900000,0x0000007052d00000)]
  0x00000195954b4170 JavaThread "Process Messages Thread" [_thread_blocked, id=17924, stack(0x000000705ea00000,0x000000705f400000)]
  0x00000195954b7190 JavaThread "Batik CleanerThread" daemon [_thread_blocked, id=2792, stack(0x000000705f400000,0x000000705fe00000)]
  0x00000195954b3ca0 JavaThread "SyntheticaCleanerThread" daemon [_thread_blocked, id=20060, stack(0x0000007060800000,0x0000007061200000)]
  0x0000019598a4c580 JavaThread "Timer-0" [_thread_blocked, id=2968, stack(0x0000007062600000,0x0000007063000000)]
  0x0000019598a49090 JavaThread "Monitor File Timestamp Swing Worker Thread" [_thread_blocked, id=20420, stack(0x0000007063000000,0x0000007063a00000)]
  0x000001959c8f4a00 JavaThread "Monitor HEventQueue Thread" [_thread_blocked, id=12848, stack(0x0000007063a00000,0x0000007064400000)]
  0x000001959c8f4530 JavaThread "SyntheticaAnimation 50" daemon [_thread_blocked, id=16296, stack(0x000000705fe00000,0x0000007060800000)]
  0x0000019593bd9db0 JavaThread "SyntheticaAnimation 25" daemon [_thread_blocked, id=20880, stack(0x0000007064400000,0x0000007064e00000)]
  0x000001959eb3a380 JavaThread "SyntheticaAnimation 70" daemon [_thread_blocked, id=3548, stack(0x0000007065800000,0x0000007066200000)]
  0x00000195afcba0b0 JavaThread "Refresh Filesets Swing Worker Thread" [_thread_blocked, id=2620, stack(0x000000705cc00000,0x000000705d600000)]
  0x00000195afcc1dd0 JavaThread "hw_ila_monitor" [_thread_blocked, id=9804, stack(0x0000007061200000,0x0000007061c00000)]
  0x00000195afcc3110 JavaThread "pool-1-thread-1" [_thread_blocked, id=20064, stack(0x0000007066c00000,0x0000007067600000)]
  0x00000195afcc35e0 JavaThread "Timer-1" [_thread_blocked, id=19800, stack(0x0000007067600000,0x0000007068000000)]
  0x00000195afcc3ab0 JavaThread "pool-2-thread-1" [_thread_blocked, id=19452, stack(0x0000007068000000,0x0000007068a00000)]
  0x00000195afcc3f80 JavaThread "Timer-2" [_thread_blocked, id=5892, stack(0x0000007068a00000,0x0000007069400000)]
  0x00000195afcc4450 JavaThread "pool-3-thread-1" [_thread_blocked, id=13596, stack(0x0000007069400000,0x0000007069e00000)]
  0x00000195afcc6fa0 JavaThread "Timer-3" [_thread_blocked, id=19476, stack(0x0000007069e00000,0x000000706a800000)]
  0x00000195afcc4920 JavaThread "Update Runs Swing Worker Thread" [_thread_blocked, id=4264, stack(0x000000706a800000,0x000000706b200000)]
  0x00000195afcc6ad0 JavaThread "SyntheticaAnimation 50" daemon [_thread_blocked, id=19116, stack(0x0000007061c00000,0x0000007062600000)]
  0x00000195afcccfe0 JavaThread "Image Animator 3" daemon [_thread_blocked, id=616, stack(0x000000706d000000,0x000000706da00000)]
  0x00000195afcc9150 JavaThread "Timer-7" [_thread_blocked, id=13036, stack(0x000000706b200000,0x000000706bc00000)]
  0x00000195afcd34f0 JavaThread "Monitor File Timestamp Swing Worker Thread" [_thread_blocked, id=15064, stack(0x000000706bc00000,0x000000706c600000)]
  0x00000195b3f82a50 JavaThread "Timer-15" [_thread_blocked, id=20628, stack(0x000000706da00000,0x000000706e400000)]
  0x00000195b3f7f560 JavaThread "Monitor File Timestamp Swing Worker Thread" [_thread_blocked, id=14852, stack(0x0000007070c00000,0x0000007071600000)]
  0x00000195b3f838c0 JavaThread "Timer-17" [_thread_blocked, id=3984, stack(0x0000007072a00000,0x0000007073400000)]
  0x00000195b3f7fa30 JavaThread "Monitor File Timestamp Swing Worker Thread" [_thread_blocked, id=14380, stack(0x0000007073400000,0x0000007073e00000)]
  0x00000195b3f833f0 JavaThread "Timer-19" [_thread_blocked, id=19568, stack(0x0000007064e00000,0x0000007065800000)]
  0x00000195b3f7ca10 JavaThread "Monitor File Timestamp Swing Worker Thread" [_thread_blocked, id=18784, stack(0x0000007066200000,0x0000007066c00000)]
  0x00000195b3f803d0 JavaThread "Timer-20" [_thread_blocked, id=13492, stack(0x000000706c600000,0x000000706d000000)]
  0x00000195b3f84c00 JavaThread "Monitor File Timestamp Swing Worker Thread" [_thread_blocked, id=7780, stack(0x000000706e400000,0x000000706ee00000)]
  0x00000195b3f7d3b0 JavaThread "Timer-21" [_thread_blocked, id=5356, stack(0x000000706ee00000,0x000000706f800000)]
  0x00000195b3f7ebc0 JavaThread "Timer-22" [_thread_blocked, id=15828, stack(0x0000007071600000,0x0000007072000000)]
  0x00000195b3f81710 JavaThread "Monitor File Timestamp Swing Worker Thread" [_thread_blocked, id=13612, stack(0x0000007072000000,0x0000007072a00000)]
  0x00000195b3f85a70 JavaThread "Code Inspector Thread" [_thread_in_native, id=13600, stack(0x000000706f800000,0x0000007070200000)]
  0x00000195b3f86410 JavaThread "Code Inspector Thread" [_thread_in_native, id=8692, stack(0x0000007073e00000,0x0000007074800000)]

Other Threads:
  0x00000195eb2c3920 VMThread "VM Thread" [stack: 0x0000007053c00000,0x0000007053d00000] [id=11540]
  0x00000195e7e5ad50 WatcherThread [stack: 0x0000007059900000,0x0000007059a00000] [id=13328]
  0x00000195ea3ef8f0 GCTaskThread "GC Thread#0" [stack: 0x0000007053600000,0x0000007053700000] [id=13724]
  0x00000195e872e0d0 GCTaskThread "GC Thread#1" [stack: 0x000000705d600000,0x000000705d700000] [id=13484]
  0x00000195e872de20 GCTaskThread "GC Thread#2" [stack: 0x000000705d700000,0x000000705d800000] [id=4456]
  0x00000195e872e380 GCTaskThread "GC Thread#3" [stack: 0x000000705d800000,0x000000705d900000] [id=15948]
  0x00000195e872f650 GCTaskThread "GC Thread#4" [stack: 0x000000705d900000,0x000000705da00000] [id=13332]
  0x00000195e872e630 GCTaskThread "GC Thread#5" [stack: 0x000000705da00000,0x000000705db00000] [id=19460]
  0x00000195e872e8e0 GCTaskThread "GC Thread#6" [stack: 0x000000705db00000,0x000000705dc00000] [id=17164]
  0x00000195e872eb90 GCTaskThread "GC Thread#7" [stack: 0x000000705dc00000,0x000000705dd00000] [id=13448]
  0x00000195eb878320 ConcurrentGCThread "G1 Main Marker" [stack: 0x0000007053700000,0x0000007053800000] [id=15604]
  0x00000195ea3f4430 ConcurrentGCThread "G1 Conc#0" [stack: 0x0000007053800000,0x0000007053900000] [id=8708]
  0x00000195945b90b0 ConcurrentGCThread "G1 Conc#1" [stack: 0x000000705e000000,0x000000705e100000] [id=19020]
  0x00000195ea493c60 ConcurrentGCThread "G1 Refine#0" [stack: 0x0000007053900000,0x0000007053a00000] [id=18612]
  0x00000195ea494500 ConcurrentGCThread "G1 Refine#1" [stack: 0x000000705dd00000,0x000000705de00000] [id=18312]
  0x00000195ea98fd20 ConcurrentGCThread "G1 Service" [stack: 0x0000007053a00000,0x0000007053b00000] [id=1708]
  0x00000195ebaf1cb0 ConcurrentGCThread "StringDedupProcessor" [stack: 0x0000007053b00000,0x0000007053c00000] [id=13560]

Threads with active compile tasks:

VM state: not at safepoint (normal execution)

VM Mutex/Monitor currently owned by a thread: None

Heap address: 0x0000000701800000, size: 4072 MB, Compressed Oops mode: Zero based, Oop shift amount: 3

CDS archive(s) mapped at: [0x0000000800000000-0x0000000800bc0000-0x0000000800bc0000), size 12320768, SharedBaseAddress: 0x0000000800000000, ArchiveRelocationMode: 0.
Compressed class space mapped at: 0x0000000801000000-0x0000000841000000, reserved size: 1073741824
Narrow klass base: 0x0000000800000000, Narrow klass shift: 0, Narrow klass range: 0x100000000

GC Precious Log:
 CPUs: 8 total, 8 available
 Memory: 16149M
 Large Page Support: Disabled
 NUMA Support: Disabled
 Compressed Oops: Enabled (Zero based)
 Heap Region Size: 2M
 Heap Min Capacity: 512M
 Heap Initial Capacity: 512M
 Heap Max Capacity: 4072M
 Pre-touch: Disabled
 Parallel Workers: 8
 Concurrent Workers: 2
 Concurrent Refinement Workers: 8
 Periodic GC: Disabled
 String Deduplication is enabled

Heap:
 garbage-first heap   total 524288K, used 126796K [0x0000000701800000, 0x0000000800000000)
  region size 2048K, 18 young (36864K), 2 survivors (4096K)
 Metaspace       used 88972K, committed 89792K, reserved 1179648K
  class space    used 12263K, committed 12672K, reserved 1048576K

Heap Regions: E=young(eden), S=young(survivor), O=old, HS=humongous(starts), HC=humongous(continues), CS=collection set, F=free, OA=open archive, CA=closed archive, TAMS=top-at-mark-start (previous, next)
|   0|0x0000000701800000, 0x0000000701a00000, 0x0000000701a00000|100%|HS|  |TAMS 0x0000000701a00000, 0x0000000701800000| Untracked 
|   1|0x0000000701a00000, 0x0000000701c00000, 0x0000000701c00000|100%| O|  |TAMS 0x0000000701c00000, 0x0000000701a00000| Untracked 
|   2|0x0000000701c00000, 0x0000000701e00000, 0x0000000701e00000|100%| O|  |TAMS 0x0000000701e00000, 0x0000000701c00000| Untracked 
|   3|0x0000000701e00000, 0x0000000701fffff0, 0x0000000702000000| 99%| O|  |TAMS 0x0000000701fffff0, 0x0000000701e00000| Untracked 
|   4|0x0000000702000000, 0x00000007021ffff0, 0x0000000702200000| 99%| O|  |TAMS 0x00000007021ffff0, 0x0000000702000000| Untracked 
|   5|0x0000000702200000, 0x0000000702400000, 0x0000000702400000|100%| O|  |TAMS 0x0000000702400000, 0x0000000702200000| Untracked 
|   6|0x0000000702400000, 0x00000007025ffff0, 0x0000000702600000| 99%| O|  |TAMS 0x00000007025ffff0, 0x0000000702400000| Untracked 
|   7|0x0000000702600000, 0x0000000702800000, 0x0000000702800000|100%| O|  |TAMS 0x0000000702800000, 0x0000000702600000| Untracked 
|   8|0x0000000702800000, 0x0000000702a00000, 0x0000000702a00000|100%| O|  |TAMS 0x0000000702a00000, 0x0000000702800000| Untracked 
|   9|0x0000000702a00000, 0x0000000702c00000, 0x0000000702c00000|100%| O|  |TAMS 0x0000000702c00000, 0x0000000702a00000| Untracked 
|  10|0x0000000702c00000, 0x0000000702dfee88, 0x0000000702e00000| 99%| O|  |TAMS 0x0000000702dfee88, 0x0000000702c00000| Untracked 
|  11|0x0000000702e00000, 0x0000000702ffffe8, 0x0000000703000000| 99%| O|  |TAMS 0x0000000702ffffe8, 0x0000000702e00000| Untracked 
|  12|0x0000000703000000, 0x0000000703200000, 0x0000000703200000|100%| O|  |TAMS 0x0000000703200000, 0x0000000703000000| Untracked 
|  13|0x0000000703200000, 0x0000000703400000, 0x0000000703400000|100%| O|  |TAMS 0x0000000703400000, 0x0000000703200000| Untracked 
|  14|0x0000000703400000, 0x0000000703600000, 0x0000000703600000|100%| O|  |TAMS 0x0000000703600000, 0x0000000703400000| Untracked 
|  15|0x0000000703600000, 0x0000000703800000, 0x0000000703800000|100%|HS|  |TAMS 0x0000000703800000, 0x0000000703600000| Untracked 
|  16|0x0000000703800000, 0x0000000703a00000, 0x0000000703a00000|100%|HC|  |TAMS 0x0000000703a00000, 0x0000000703800000| Untracked 
|  17|0x0000000703a00000, 0x0000000703c00000, 0x0000000703c00000|100%|HC|  |TAMS 0x0000000703c00000, 0x0000000703a00000| Untracked 
|  18|0x0000000703c00000, 0x0000000703e00000, 0x0000000703e00000|100%|HC|  |TAMS 0x0000000703e00000, 0x0000000703c00000| Untracked 
|  19|0x0000000703e00000, 0x0000000704000000, 0x0000000704000000|100%|HC|  |TAMS 0x0000000704000000, 0x0000000703e00000| Untracked 
|  20|0x0000000704000000, 0x0000000704200000, 0x0000000704200000|100%|HC|  |TAMS 0x0000000704200000, 0x0000000704000000| Untracked 
|  21|0x0000000704200000, 0x0000000704400000, 0x0000000704400000|100%| O|  |TAMS 0x0000000704400000, 0x0000000704200000| Untracked 
|  22|0x0000000704400000, 0x0000000704600000, 0x0000000704600000|100%| O|  |TAMS 0x0000000704600000, 0x0000000704400000| Untracked 
|  23|0x0000000704600000, 0x00000007047fffc8, 0x0000000704800000| 99%| O|  |TAMS 0x00000007047fffc8, 0x0000000704600000| Untracked 
|  24|0x0000000704800000, 0x0000000704a00000, 0x0000000704a00000|100%| O|  |TAMS 0x0000000704a00000, 0x0000000704800000| Untracked 
|  25|0x0000000704a00000, 0x0000000704bff4f0, 0x0000000704c00000| 99%| O|  |TAMS 0x0000000704bff4f0, 0x0000000704a00000| Untracked 
|  26|0x0000000704c00000, 0x0000000704dffff8, 0x0000000704e00000| 99%| O|  |TAMS 0x0000000704dffff8, 0x0000000704c00000| Untracked 
|  27|0x0000000704e00000, 0x0000000705000000, 0x0000000705000000|100%| O|  |TAMS 0x0000000705000000, 0x0000000704e00000| Untracked 
|  28|0x0000000705000000, 0x0000000705200000, 0x0000000705200000|100%| O|  |TAMS 0x0000000705200000, 0x0000000705000000| Untracked 
|  29|0x0000000705200000, 0x00000007053fffd8, 0x0000000705400000| 99%| O|  |TAMS 0x00000007053fffd8, 0x0000000705200000| Untracked 
|  30|0x0000000705400000, 0x00000007055fffe0, 0x0000000705600000| 99%| O|  |TAMS 0x00000007055fffe0, 0x0000000705400000| Untracked 
|  31|0x0000000705600000, 0x0000000705800000, 0x0000000705800000|100%| O|  |TAMS 0x0000000705800000, 0x0000000705600000| Untracked 
|  32|0x0000000705800000, 0x00000007059fffe0, 0x0000000705a00000| 99%| O|  |TAMS 0x00000007059fffe0, 0x0000000705800000| Untracked 
|  33|0x0000000705a00000, 0x0000000705c00000, 0x0000000705c00000|100%|HS|  |TAMS 0x0000000705c00000, 0x0000000705a00000| Untracked 
|  34|0x0000000705c00000, 0x0000000705e00000, 0x0000000705e00000|100%| O|  |TAMS 0x0000000705e00000, 0x0000000705c00000| Untracked 
|  35|0x0000000705e00000, 0x0000000705fffea8, 0x0000000706000000| 99%| O|  |TAMS 0x0000000705fffea8, 0x0000000705e00000| Untracked 
|  36|0x0000000706000000, 0x0000000706200000, 0x0000000706200000|100%| O|  |TAMS 0x0000000706200000, 0x0000000706000000| Untracked 
|  37|0x0000000706200000, 0x00000007063fee98, 0x0000000706400000| 99%| O|  |TAMS 0x00000007063fee98, 0x0000000706200000| Untracked 
|  38|0x0000000706400000, 0x0000000706600000, 0x0000000706600000|100%| O|  |TAMS 0x0000000706600000, 0x0000000706400000| Untracked 
|  39|0x0000000706600000, 0x00000007067d91e8, 0x0000000706800000| 92%| O|  |TAMS 0x0000000706600000, 0x0000000706600000| Untracked 
|  40|0x0000000706800000, 0x00000007069221a0, 0x0000000706a00000| 56%| O|  |TAMS 0x0000000706800000, 0x0000000706800000| Untracked 
|  41|0x0000000706a00000, 0x0000000706a8dda0, 0x0000000706c00000| 27%| O|  |TAMS 0x0000000706a00000, 0x0000000706a00000| Untracked 
|  42|0x0000000706c00000, 0x0000000706c21d48, 0x0000000706e00000|  6%| O|  |TAMS 0x0000000706c00000, 0x0000000706c00000| Untracked 
|  43|0x0000000706e00000, 0x0000000706e1b5f8, 0x0000000707000000|  5%| O|  |TAMS 0x0000000706e00000, 0x0000000706e00000| Untracked 
|  44|0x0000000707000000, 0x0000000707200000, 0x0000000707200000|100%|HS|  |TAMS 0x0000000707200000, 0x0000000707000000| Untracked 
|  45|0x0000000707200000, 0x0000000707400000, 0x0000000707400000|100%|HS|  |TAMS 0x0000000707400000, 0x0000000707200000| Untracked 
|  46|0x0000000707400000, 0x0000000707600000, 0x0000000707600000|100%|HC|  |TAMS 0x0000000707600000, 0x0000000707400000| Untracked 
|  47|0x0000000707600000, 0x0000000707800000, 0x0000000707800000|100%|HC|  |TAMS 0x0000000707800000, 0x0000000707600000| Untracked 
|  48|0x0000000707800000, 0x0000000707a00000, 0x0000000707a00000|100%|HC|  |TAMS 0x0000000707a00000, 0x0000000707800000| Untracked 
|  49|0x0000000707a00000, 0x0000000707a00000, 0x0000000707c00000|  0%| F|  |TAMS 0x0000000707a00000, 0x0000000707a00000| Untracked 
|  50|0x0000000707c00000, 0x0000000707c00000, 0x0000000707e00000|  0%| F|  |TAMS 0x0000000707c00000, 0x0000000707c00000| Untracked 
|  51|0x0000000707e00000, 0x0000000707e00000, 0x0000000708000000|  0%| F|  |TAMS 0x0000000707e00000, 0x0000000707e00000| Untracked 
|  52|0x0000000708000000, 0x0000000708000000, 0x0000000708200000|  0%| F|  |TAMS 0x0000000708000000, 0x0000000708000000| Untracked 
|  53|0x0000000708200000, 0x0000000708200000, 0x0000000708400000|  0%| F|  |TAMS 0x0000000708200000, 0x0000000708200000| Untracked 
|  54|0x0000000708400000, 0x0000000708400000, 0x0000000708600000|  0%| F|  |TAMS 0x0000000708400000, 0x0000000708400000| Untracked 
|  55|0x0000000708600000, 0x0000000708600000, 0x0000000708800000|  0%| F|  |TAMS 0x0000000708600000, 0x0000000708600000| Untracked 
|  56|0x0000000708800000, 0x0000000708800000, 0x0000000708a00000|  0%| F|  |TAMS 0x0000000708800000, 0x0000000708800000| Untracked 
|  57|0x0000000708a00000, 0x0000000708a00000, 0x0000000708c00000|  0%| F|  |TAMS 0x0000000708a00000, 0x0000000708a00000| Untracked 
|  58|0x0000000708c00000, 0x0000000708c00000, 0x0000000708e00000|  0%| F|  |TAMS 0x0000000708c00000, 0x0000000708c00000| Untracked 
|  59|0x0000000708e00000, 0x0000000708e00000, 0x0000000709000000|  0%| F|  |TAMS 0x0000000708e00000, 0x0000000708e00000| Untracked 
|  60|0x0000000709000000, 0x0000000709000000, 0x0000000709200000|  0%| F|  |TAMS 0x0000000709000000, 0x0000000709000000| Untracked 
|  61|0x0000000709200000, 0x0000000709200000, 0x0000000709400000|  0%| F|  |TAMS 0x0000000709200000, 0x0000000709200000| Untracked 
|  62|0x0000000709400000, 0x0000000709400000, 0x0000000709600000|  0%| F|  |TAMS 0x0000000709400000, 0x0000000709400000| Untracked 
|  63|0x0000000709600000, 0x0000000709600000, 0x0000000709800000|  0%| F|  |TAMS 0x0000000709600000, 0x0000000709600000| Untracked 
|  64|0x0000000709800000, 0x0000000709800000, 0x0000000709a00000|  0%| F|  |TAMS 0x0000000709800000, 0x0000000709800000| Untracked 
|  65|0x0000000709a00000, 0x0000000709a00000, 0x0000000709c00000|  0%| F|  |TAMS 0x0000000709a00000, 0x0000000709a00000| Untracked 
|  66|0x0000000709c00000, 0x0000000709c00000, 0x0000000709e00000|  0%| F|  |TAMS 0x0000000709c00000, 0x0000000709c00000| Untracked 
|  67|0x0000000709e00000, 0x0000000709e00000, 0x000000070a000000|  0%| F|  |TAMS 0x0000000709e00000, 0x0000000709e00000| Untracked 
|  68|0x000000070a000000, 0x000000070a000000, 0x000000070a200000|  0%| F|  |TAMS 0x000000070a000000, 0x000000070a000000| Untracked 
|  69|0x000000070a200000, 0x000000070a200000, 0x000000070a400000|  0%| F|  |TAMS 0x000000070a200000, 0x000000070a200000| Untracked 
|  70|0x000000070a400000, 0x000000070a400000, 0x000000070a600000|  0%| F|  |TAMS 0x000000070a400000, 0x000000070a400000| Untracked 
|  71|0x000000070a600000, 0x000000070a600000, 0x000000070a800000|  0%| F|  |TAMS 0x000000070a600000, 0x000000070a600000| Untracked 
|  72|0x000000070a800000, 0x000000070a800000, 0x000000070aa00000|  0%| F|  |TAMS 0x000000070a800000, 0x000000070a800000| Untracked 
|  73|0x000000070aa00000, 0x000000070aa00000, 0x000000070ac00000|  0%| F|  |TAMS 0x000000070aa00000, 0x000000070aa00000| Untracked 
|  74|0x000000070ac00000, 0x000000070ac00000, 0x000000070ae00000|  0%| F|  |TAMS 0x000000070ac00000, 0x000000070ac00000| Untracked 
|  75|0x000000070ae00000, 0x000000070ae00000, 0x000000070b000000|  0%| F|  |TAMS 0x000000070ae00000, 0x000000070ae00000| Untracked 
|  76|0x000000070b000000, 0x000000070b000000, 0x000000070b200000|  0%| F|  |TAMS 0x000000070b000000, 0x000000070b000000| Untracked 
|  77|0x000000070b200000, 0x000000070b200000, 0x000000070b400000|  0%| F|  |TAMS 0x000000070b200000, 0x000000070b200000| Untracked 
|  78|0x000000070b400000, 0x000000070b400000, 0x000000070b600000|  0%| F|  |TAMS 0x000000070b400000, 0x000000070b400000| Untracked 
|  79|0x000000070b600000, 0x000000070b600000, 0x000000070b800000|  0%| F|  |TAMS 0x000000070b600000, 0x000000070b600000| Untracked 
|  80|0x000000070b800000, 0x000000070b800000, 0x000000070ba00000|  0%| F|  |TAMS 0x000000070b800000, 0x000000070b800000| Untracked 
|  81|0x000000070ba00000, 0x000000070ba00000, 0x000000070bc00000|  0%| F|  |TAMS 0x000000070ba00000, 0x000000070ba00000| Untracked 
|  82|0x000000070bc00000, 0x000000070bc00000, 0x000000070be00000|  0%| F|  |TAMS 0x000000070bc00000, 0x000000070bc00000| Untracked 
|  83|0x000000070be00000, 0x000000070be00000, 0x000000070c000000|  0%| F|  |TAMS 0x000000070be00000, 0x000000070be00000| Untracked 
|  84|0x000000070c000000, 0x000000070c000000, 0x000000070c200000|  0%| F|  |TAMS 0x000000070c000000, 0x000000070c000000| Untracked 
|  85|0x000000070c200000, 0x000000070c200000, 0x000000070c400000|  0%| F|  |TAMS 0x000000070c200000, 0x000000070c200000| Untracked 
|  86|0x000000070c400000, 0x000000070c400000, 0x000000070c600000|  0%| F|  |TAMS 0x000000070c400000, 0x000000070c400000| Untracked 
|  87|0x000000070c600000, 0x000000070c600000, 0x000000070c800000|  0%| F|  |TAMS 0x000000070c600000, 0x000000070c600000| Untracked 
|  88|0x000000070c800000, 0x000000070c800000, 0x000000070ca00000|  0%| F|  |TAMS 0x000000070c800000, 0x000000070c800000| Untracked 
|  89|0x000000070ca00000, 0x000000070ca00000, 0x000000070cc00000|  0%| F|  |TAMS 0x000000070ca00000, 0x000000070ca00000| Untracked 
|  90|0x000000070cc00000, 0x000000070cc00000, 0x000000070ce00000|  0%| F|  |TAMS 0x000000070cc00000, 0x000000070cc00000| Untracked 
|  91|0x000000070ce00000, 0x000000070ce00000, 0x000000070d000000|  0%| F|  |TAMS 0x000000070ce00000, 0x000000070ce00000| Untracked 
|  92|0x000000070d000000, 0x000000070d000000, 0x000000070d200000|  0%| F|  |TAMS 0x000000070d000000, 0x000000070d000000| Untracked 
|  93|0x000000070d200000, 0x000000070d200000, 0x000000070d400000|  0%| F|  |TAMS 0x000000070d200000, 0x000000070d200000| Untracked 
|  94|0x000000070d400000, 0x000000070d400000, 0x000000070d600000|  0%| F|  |TAMS 0x000000070d400000, 0x000000070d400000| Untracked 
|  95|0x000000070d600000, 0x000000070d600000, 0x000000070d800000|  0%| F|  |TAMS 0x000000070d600000, 0x000000070d600000| Untracked 
|  96|0x000000070d800000, 0x000000070d800000, 0x000000070da00000|  0%| F|  |TAMS 0x000000070d800000, 0x000000070d800000| Untracked 
|  97|0x000000070da00000, 0x000000070da00000, 0x000000070dc00000|  0%| F|  |TAMS 0x000000070da00000, 0x000000070da00000| Untracked 
|  98|0x000000070dc00000, 0x000000070dc00000, 0x000000070de00000|  0%| F|  |TAMS 0x000000070dc00000, 0x000000070dc00000| Untracked 
|  99|0x000000070de00000, 0x000000070de00000, 0x000000070e000000|  0%| F|  |TAMS 0x000000070de00000, 0x000000070de00000| Untracked 
| 100|0x000000070e000000, 0x000000070e000000, 0x000000070e200000|  0%| F|  |TAMS 0x000000070e000000, 0x000000070e000000| Untracked 
| 101|0x000000070e200000, 0x000000070e200000, 0x000000070e400000|  0%| F|  |TAMS 0x000000070e200000, 0x000000070e200000| Untracked 
| 102|0x000000070e400000, 0x000000070e400000, 0x000000070e600000|  0%| F|  |TAMS 0x000000070e400000, 0x000000070e400000| Untracked 
| 103|0x000000070e600000, 0x000000070e600000, 0x000000070e800000|  0%| F|  |TAMS 0x000000070e600000, 0x000000070e600000| Untracked 
| 104|0x000000070e800000, 0x000000070e800000, 0x000000070ea00000|  0%| F|  |TAMS 0x000000070e800000, 0x000000070e800000| Untracked 
| 105|0x000000070ea00000, 0x000000070ea00000, 0x000000070ec00000|  0%| F|  |TAMS 0x000000070ea00000, 0x000000070ea00000| Untracked 
| 106|0x000000070ec00000, 0x000000070ec00000, 0x000000070ee00000|  0%| F|  |TAMS 0x000000070ec00000, 0x000000070ec00000| Untracked 
| 107|0x000000070ee00000, 0x000000070ee00000, 0x000000070f000000|  0%| F|  |TAMS 0x000000070ee00000, 0x000000070ee00000| Untracked 
| 108|0x000000070f000000, 0x000000070f000000, 0x000000070f200000|  0%| F|  |TAMS 0x000000070f000000, 0x000000070f000000| Untracked 
| 109|0x000000070f200000, 0x000000070f200000, 0x000000070f400000|  0%| F|  |TAMS 0x000000070f200000, 0x000000070f200000| Untracked 
| 110|0x000000070f400000, 0x000000070f400000, 0x000000070f600000|  0%| F|  |TAMS 0x000000070f400000, 0x000000070f400000| Untracked 
| 111|0x000000070f600000, 0x000000070f600000, 0x000000070f800000|  0%| F|  |TAMS 0x000000070f600000, 0x000000070f600000| Untracked 
| 112|0x000000070f800000, 0x000000070f800000, 0x000000070fa00000|  0%| F|  |TAMS 0x000000070f800000, 0x000000070f800000| Untracked 
| 113|0x000000070fa00000, 0x000000070fa00000, 0x000000070fc00000|  0%| F|  |TAMS 0x000000070fa00000, 0x000000070fa00000| Untracked 
| 114|0x000000070fc00000, 0x000000070fc00000, 0x000000070fe00000|  0%| F|  |TAMS 0x000000070fc00000, 0x000000070fc00000| Untracked 
| 115|0x000000070fe00000, 0x000000070fe00000, 0x0000000710000000|  0%| F|  |TAMS 0x000000070fe00000, 0x000000070fe00000| Untracked 
| 116|0x0000000710000000, 0x0000000710000000, 0x0000000710200000|  0%| F|  |TAMS 0x0000000710000000, 0x0000000710000000| Untracked 
| 117|0x0000000710200000, 0x0000000710200000, 0x0000000710400000|  0%| F|  |TAMS 0x0000000710200000, 0x0000000710200000| Untracked 
| 118|0x0000000710400000, 0x0000000710400000, 0x0000000710600000|  0%| F|  |TAMS 0x0000000710400000, 0x0000000710400000| Untracked 
| 119|0x0000000710600000, 0x0000000710600000, 0x0000000710800000|  0%| F|  |TAMS 0x0000000710600000, 0x0000000710600000| Untracked 
| 120|0x0000000710800000, 0x0000000710800000, 0x0000000710a00000|  0%| F|  |TAMS 0x0000000710800000, 0x0000000710800000| Untracked 
| 121|0x0000000710a00000, 0x0000000710a00000, 0x0000000710c00000|  0%| F|  |TAMS 0x0000000710a00000, 0x0000000710a00000| Untracked 
| 122|0x0000000710c00000, 0x0000000710c00000, 0x0000000710e00000|  0%| F|  |TAMS 0x0000000710c00000, 0x0000000710c00000| Untracked 
| 123|0x0000000710e00000, 0x0000000710e00000, 0x0000000711000000|  0%| F|  |TAMS 0x0000000710e00000, 0x0000000710e00000| Untracked 
| 124|0x0000000711000000, 0x0000000711000000, 0x0000000711200000|  0%| F|  |TAMS 0x0000000711000000, 0x0000000711000000| Untracked 
| 125|0x0000000711200000, 0x0000000711200000, 0x0000000711400000|  0%| F|  |TAMS 0x0000000711200000, 0x0000000711200000| Untracked 
| 126|0x0000000711400000, 0x0000000711400000, 0x0000000711600000|  0%| F|  |TAMS 0x0000000711400000, 0x0000000711400000| Untracked 
| 127|0x0000000711600000, 0x0000000711600000, 0x0000000711800000|  0%| F|  |TAMS 0x0000000711600000, 0x0000000711600000| Untracked 
| 128|0x0000000711800000, 0x0000000711800000, 0x0000000711a00000|  0%| F|  |TAMS 0x0000000711800000, 0x0000000711800000| Untracked 
| 129|0x0000000711a00000, 0x0000000711a00000, 0x0000000711c00000|  0%| F|  |TAMS 0x0000000711a00000, 0x0000000711a00000| Untracked 
| 130|0x0000000711c00000, 0x0000000711c00000, 0x0000000711e00000|  0%| F|  |TAMS 0x0000000711c00000, 0x0000000711c00000| Untracked 
| 131|0x0000000711e00000, 0x0000000711e00000, 0x0000000712000000|  0%| F|  |TAMS 0x0000000711e00000, 0x0000000711e00000| Untracked 
| 132|0x0000000712000000, 0x0000000712000000, 0x0000000712200000|  0%| F|  |TAMS 0x0000000712000000, 0x0000000712000000| Untracked 
| 133|0x0000000712200000, 0x0000000712200000, 0x0000000712400000|  0%| F|  |TAMS 0x0000000712200000, 0x0000000712200000| Untracked 
| 134|0x0000000712400000, 0x0000000712400000, 0x0000000712600000|  0%| F|  |TAMS 0x0000000712400000, 0x0000000712400000| Untracked 
| 135|0x0000000712600000, 0x0000000712600000, 0x0000000712800000|  0%| F|  |TAMS 0x0000000712600000, 0x0000000712600000| Untracked 
| 136|0x0000000712800000, 0x0000000712800000, 0x0000000712a00000|  0%| F|  |TAMS 0x0000000712800000, 0x0000000712800000| Untracked 
| 137|0x0000000712a00000, 0x0000000712a00000, 0x0000000712c00000|  0%| F|  |TAMS 0x0000000712a00000, 0x0000000712a00000| Untracked 
| 138|0x0000000712c00000, 0x0000000712c00000, 0x0000000712e00000|  0%| F|  |TAMS 0x0000000712c00000, 0x0000000712c00000| Untracked 
| 139|0x0000000712e00000, 0x0000000712e00000, 0x0000000713000000|  0%| F|  |TAMS 0x0000000712e00000, 0x0000000712e00000| Untracked 
| 140|0x0000000713000000, 0x0000000713000000, 0x0000000713200000|  0%| F|  |TAMS 0x0000000713000000, 0x0000000713000000| Untracked 
| 141|0x0000000713200000, 0x0000000713200000, 0x0000000713400000|  0%| F|  |TAMS 0x0000000713200000, 0x0000000713200000| Untracked 
| 142|0x0000000713400000, 0x0000000713400000, 0x0000000713600000|  0%| F|  |TAMS 0x0000000713400000, 0x0000000713400000| Untracked 
| 143|0x0000000713600000, 0x0000000713600000, 0x0000000713800000|  0%| F|  |TAMS 0x0000000713600000, 0x0000000713600000| Untracked 
| 144|0x0000000713800000, 0x0000000713800000, 0x0000000713a00000|  0%| F|  |TAMS 0x0000000713800000, 0x0000000713800000| Untracked 
| 145|0x0000000713a00000, 0x0000000713a00000, 0x0000000713c00000|  0%| F|  |TAMS 0x0000000713a00000, 0x0000000713a00000| Untracked 
| 146|0x0000000713c00000, 0x0000000713c00000, 0x0000000713e00000|  0%| F|  |TAMS 0x0000000713c00000, 0x0000000713c00000| Untracked 
| 147|0x0000000713e00000, 0x0000000713e00000, 0x0000000714000000|  0%| F|  |TAMS 0x0000000713e00000, 0x0000000713e00000| Untracked 
| 148|0x0000000714000000, 0x0000000714000000, 0x0000000714200000|  0%| F|  |TAMS 0x0000000714000000, 0x0000000714000000| Untracked 
| 149|0x0000000714200000, 0x0000000714200000, 0x0000000714400000|  0%| F|  |TAMS 0x0000000714200000, 0x0000000714200000| Untracked 
| 150|0x0000000714400000, 0x0000000714400000, 0x0000000714600000|  0%| F|  |TAMS 0x0000000714400000, 0x0000000714400000| Untracked 
| 151|0x0000000714600000, 0x0000000714600000, 0x0000000714800000|  0%| F|  |TAMS 0x0000000714600000, 0x0000000714600000| Untracked 
| 152|0x0000000714800000, 0x0000000714800000, 0x0000000714a00000|  0%| F|  |TAMS 0x0000000714800000, 0x0000000714800000| Untracked 
| 153|0x0000000714a00000, 0x0000000714a00000, 0x0000000714c00000|  0%| F|  |TAMS 0x0000000714a00000, 0x0000000714a00000| Untracked 
| 154|0x0000000714c00000, 0x0000000714c00000, 0x0000000714e00000|  0%| F|  |TAMS 0x0000000714c00000, 0x0000000714c00000| Untracked 
| 155|0x0000000714e00000, 0x0000000714e00000, 0x0000000715000000|  0%| F|  |TAMS 0x0000000714e00000, 0x0000000714e00000| Untracked 
| 156|0x0000000715000000, 0x0000000715000000, 0x0000000715200000|  0%| F|  |TAMS 0x0000000715000000, 0x0000000715000000| Untracked 
| 157|0x0000000715200000, 0x0000000715200000, 0x0000000715400000|  0%| F|  |TAMS 0x0000000715200000, 0x0000000715200000| Untracked 
| 158|0x0000000715400000, 0x0000000715400000, 0x0000000715600000|  0%| F|  |TAMS 0x0000000715400000, 0x0000000715400000| Untracked 
| 159|0x0000000715600000, 0x0000000715600000, 0x0000000715800000|  0%| F|  |TAMS 0x0000000715600000, 0x0000000715600000| Untracked 
| 160|0x0000000715800000, 0x0000000715800000, 0x0000000715a00000|  0%| F|  |TAMS 0x0000000715800000, 0x0000000715800000| Untracked 
| 161|0x0000000715a00000, 0x0000000715a00000, 0x0000000715c00000|  0%| F|  |TAMS 0x0000000715a00000, 0x0000000715a00000| Untracked 
| 162|0x0000000715c00000, 0x0000000715c00000, 0x0000000715e00000|  0%| F|  |TAMS 0x0000000715c00000, 0x0000000715c00000| Untracked 
| 163|0x0000000715e00000, 0x0000000715e00000, 0x0000000716000000|  0%| F|  |TAMS 0x0000000715e00000, 0x0000000715e00000| Untracked 
| 164|0x0000000716000000, 0x0000000716000000, 0x0000000716200000|  0%| F|  |TAMS 0x0000000716000000, 0x0000000716000000| Untracked 
| 165|0x0000000716200000, 0x0000000716200000, 0x0000000716400000|  0%| F|  |TAMS 0x0000000716200000, 0x0000000716200000| Untracked 
| 166|0x0000000716400000, 0x0000000716400000, 0x0000000716600000|  0%| F|  |TAMS 0x0000000716400000, 0x0000000716400000| Untracked 
| 167|0x0000000716600000, 0x0000000716600000, 0x0000000716800000|  0%| F|  |TAMS 0x0000000716600000, 0x0000000716600000| Untracked 
| 168|0x0000000716800000, 0x0000000716800000, 0x0000000716a00000|  0%| F|  |TAMS 0x0000000716800000, 0x0000000716800000| Untracked 
| 169|0x0000000716a00000, 0x0000000716a00000, 0x0000000716c00000|  0%| F|  |TAMS 0x0000000716a00000, 0x0000000716a00000| Untracked 
| 170|0x0000000716c00000, 0x0000000716c00000, 0x0000000716e00000|  0%| F|  |TAMS 0x0000000716c00000, 0x0000000716c00000| Untracked 
| 171|0x0000000716e00000, 0x0000000716e00000, 0x0000000717000000|  0%| F|  |TAMS 0x0000000716e00000, 0x0000000716e00000| Untracked 
| 172|0x0000000717000000, 0x0000000717000000, 0x0000000717200000|  0%| F|  |TAMS 0x0000000717000000, 0x0000000717000000| Untracked 
| 173|0x0000000717200000, 0x0000000717200000, 0x0000000717400000|  0%| F|  |TAMS 0x0000000717200000, 0x0000000717200000| Untracked 
| 174|0x0000000717400000, 0x0000000717400000, 0x0000000717600000|  0%| F|  |TAMS 0x0000000717400000, 0x0000000717400000| Untracked 
| 175|0x0000000717600000, 0x0000000717600000, 0x0000000717800000|  0%| F|  |TAMS 0x0000000717600000, 0x0000000717600000| Untracked 
| 176|0x0000000717800000, 0x0000000717800000, 0x0000000717a00000|  0%| F|  |TAMS 0x0000000717800000, 0x0000000717800000| Untracked 
| 177|0x0000000717a00000, 0x0000000717a00000, 0x0000000717c00000|  0%| F|  |TAMS 0x0000000717a00000, 0x0000000717a00000| Untracked 
| 178|0x0000000717c00000, 0x0000000717c00000, 0x0000000717e00000|  0%| F|  |TAMS 0x0000000717c00000, 0x0000000717c00000| Untracked 
| 179|0x0000000717e00000, 0x0000000717e00000, 0x0000000718000000|  0%| F|  |TAMS 0x0000000717e00000, 0x0000000717e00000| Untracked 
| 180|0x0000000718000000, 0x0000000718000000, 0x0000000718200000|  0%| F|  |TAMS 0x0000000718000000, 0x0000000718000000| Untracked 
| 181|0x0000000718200000, 0x0000000718200000, 0x0000000718400000|  0%| F|  |TAMS 0x0000000718200000, 0x0000000718200000| Untracked 
| 182|0x0000000718400000, 0x0000000718400000, 0x0000000718600000|  0%| F|  |TAMS 0x0000000718400000, 0x0000000718400000| Untracked 
| 183|0x0000000718600000, 0x0000000718600000, 0x0000000718800000|  0%| F|  |TAMS 0x0000000718600000, 0x0000000718600000| Untracked 
| 184|0x0000000718800000, 0x0000000718800000, 0x0000000718a00000|  0%| F|  |TAMS 0x0000000718800000, 0x0000000718800000| Untracked 
| 185|0x0000000718a00000, 0x0000000718a00000, 0x0000000718c00000|  0%| F|  |TAMS 0x0000000718a00000, 0x0000000718a00000| Untracked 
| 186|0x0000000718c00000, 0x0000000718c00000, 0x0000000718e00000|  0%| F|  |TAMS 0x0000000718c00000, 0x0000000718c00000| Untracked 
| 187|0x0000000718e00000, 0x0000000718e00000, 0x0000000719000000|  0%| F|  |TAMS 0x0000000718e00000, 0x0000000718e00000| Untracked 
| 188|0x0000000719000000, 0x0000000719000000, 0x0000000719200000|  0%| F|  |TAMS 0x0000000719000000, 0x0000000719000000| Untracked 
| 189|0x0000000719200000, 0x0000000719200000, 0x0000000719400000|  0%| F|  |TAMS 0x0000000719200000, 0x0000000719200000| Untracked 
| 190|0x0000000719400000, 0x0000000719400000, 0x0000000719600000|  0%| F|  |TAMS 0x0000000719400000, 0x0000000719400000| Untracked 
| 191|0x0000000719600000, 0x0000000719600000, 0x0000000719800000|  0%| F|  |TAMS 0x0000000719600000, 0x0000000719600000| Untracked 
| 192|0x0000000719800000, 0x0000000719800000, 0x0000000719a00000|  0%| F|  |TAMS 0x0000000719800000, 0x0000000719800000| Untracked 
| 193|0x0000000719a00000, 0x0000000719a00000, 0x0000000719c00000|  0%| F|  |TAMS 0x0000000719a00000, 0x0000000719a00000| Untracked 
| 194|0x0000000719c00000, 0x0000000719c00000, 0x0000000719e00000|  0%| F|  |TAMS 0x0000000719c00000, 0x0000000719c00000| Untracked 
| 195|0x0000000719e00000, 0x0000000719e00000, 0x000000071a000000|  0%| F|  |TAMS 0x0000000719e00000, 0x0000000719e00000| Untracked 
| 196|0x000000071a000000, 0x000000071a000000, 0x000000071a200000|  0%| F|  |TAMS 0x000000071a000000, 0x000000071a000000| Untracked 
| 197|0x000000071a200000, 0x000000071a200000, 0x000000071a400000|  0%| F|  |TAMS 0x000000071a200000, 0x000000071a200000| Untracked 
| 198|0x000000071a400000, 0x000000071a400000, 0x000000071a600000|  0%| F|  |TAMS 0x000000071a400000, 0x000000071a400000| Untracked 
| 199|0x000000071a600000, 0x000000071a600000, 0x000000071a800000|  0%| F|  |TAMS 0x000000071a600000, 0x000000071a600000| Untracked 
| 200|0x000000071a800000, 0x000000071a800000, 0x000000071aa00000|  0%| F|  |TAMS 0x000000071a800000, 0x000000071a800000| Untracked 
| 201|0x000000071aa00000, 0x000000071aa00000, 0x000000071ac00000|  0%| F|  |TAMS 0x000000071aa00000, 0x000000071aa00000| Untracked 
| 202|0x000000071ac00000, 0x000000071ac00000, 0x000000071ae00000|  0%| F|  |TAMS 0x000000071ac00000, 0x000000071ac00000| Untracked 
| 203|0x000000071ae00000, 0x000000071ae00000, 0x000000071b000000|  0%| F|  |TAMS 0x000000071ae00000, 0x000000071ae00000| Untracked 
| 204|0x000000071b000000, 0x000000071b000000, 0x000000071b200000|  0%| F|  |TAMS 0x000000071b000000, 0x000000071b000000| Untracked 
| 205|0x000000071b200000, 0x000000071b200000, 0x000000071b400000|  0%| F|  |TAMS 0x000000071b200000, 0x000000071b200000| Untracked 
| 206|0x000000071b400000, 0x000000071b400000, 0x000000071b600000|  0%| F|  |TAMS 0x000000071b400000, 0x000000071b400000| Untracked 
| 207|0x000000071b600000, 0x000000071b600000, 0x000000071b800000|  0%| F|  |TAMS 0x000000071b600000, 0x000000071b600000| Untracked 
| 208|0x000000071b800000, 0x000000071b800000, 0x000000071ba00000|  0%| F|  |TAMS 0x000000071b800000, 0x000000071b800000| Untracked 
| 209|0x000000071ba00000, 0x000000071ba00000, 0x000000071bc00000|  0%| F|  |TAMS 0x000000071ba00000, 0x000000071ba00000| Untracked 
| 210|0x000000071bc00000, 0x000000071bc00000, 0x000000071be00000|  0%| F|  |TAMS 0x000000071bc00000, 0x000000071bc00000| Untracked 
| 211|0x000000071be00000, 0x000000071be00000, 0x000000071c000000|  0%| F|  |TAMS 0x000000071be00000, 0x000000071be00000| Untracked 
| 212|0x000000071c000000, 0x000000071c000000, 0x000000071c200000|  0%| F|  |TAMS 0x000000071c000000, 0x000000071c000000| Untracked 
| 213|0x000000071c200000, 0x000000071c200000, 0x000000071c400000|  0%| F|  |TAMS 0x000000071c200000, 0x000000071c200000| Untracked 
| 214|0x000000071c400000, 0x000000071c40fd80, 0x000000071c600000|  3%| S|CS|TAMS 0x000000071c400000, 0x000000071c400000| Complete 
| 215|0x000000071c600000, 0x000000071c800000, 0x000000071c800000|100%| S|CS|TAMS 0x000000071c600000, 0x000000071c600000| Complete 
| 216|0x000000071c800000, 0x000000071c800000, 0x000000071ca00000|  0%| F|  |TAMS 0x000000071c800000, 0x000000071c800000| Untracked 
| 217|0x000000071ca00000, 0x000000071ca00000, 0x000000071cc00000|  0%| F|  |TAMS 0x000000071ca00000, 0x000000071ca00000| Untracked 
| 218|0x000000071cc00000, 0x000000071cc00000, 0x000000071ce00000|  0%| F|  |TAMS 0x000000071cc00000, 0x000000071cc00000| Untracked 
| 219|0x000000071ce00000, 0x000000071ce00000, 0x000000071d000000|  0%| F|  |TAMS 0x000000071ce00000, 0x000000071ce00000| Untracked 
| 220|0x000000071d000000, 0x000000071d000000, 0x000000071d200000|  0%| F|  |TAMS 0x000000071d000000, 0x000000071d000000| Untracked 
| 221|0x000000071d200000, 0x000000071d200000, 0x000000071d400000|  0%| F|  |TAMS 0x000000071d200000, 0x000000071d200000| Untracked 
| 222|0x000000071d400000, 0x000000071d400000, 0x000000071d600000|  0%| F|  |TAMS 0x000000071d400000, 0x000000071d400000| Untracked 
| 223|0x000000071d600000, 0x000000071d600000, 0x000000071d800000|  0%| F|  |TAMS 0x000000071d600000, 0x000000071d600000| Untracked 
| 224|0x000000071d800000, 0x000000071d800000, 0x000000071da00000|  0%| F|  |TAMS 0x000000071d800000, 0x000000071d800000| Untracked 
| 225|0x000000071da00000, 0x000000071da00000, 0x000000071dc00000|  0%| F|  |TAMS 0x000000071da00000, 0x000000071da00000| Untracked 
| 226|0x000000071dc00000, 0x000000071dc00000, 0x000000071de00000|  0%| F|  |TAMS 0x000000071dc00000, 0x000000071dc00000| Untracked 
| 227|0x000000071de00000, 0x000000071de00000, 0x000000071e000000|  0%| F|  |TAMS 0x000000071de00000, 0x000000071de00000| Untracked 
| 228|0x000000071e000000, 0x000000071e000000, 0x000000071e200000|  0%| F|  |TAMS 0x000000071e000000, 0x000000071e000000| Untracked 
| 229|0x000000071e200000, 0x000000071e200000, 0x000000071e400000|  0%| F|  |TAMS 0x000000071e200000, 0x000000071e200000| Untracked 
| 230|0x000000071e400000, 0x000000071e400000, 0x000000071e600000|  0%| F|  |TAMS 0x000000071e400000, 0x000000071e400000| Untracked 
| 231|0x000000071e600000, 0x000000071e600000, 0x000000071e800000|  0%| F|  |TAMS 0x000000071e600000, 0x000000071e600000| Untracked 
| 232|0x000000071e800000, 0x000000071e800000, 0x000000071ea00000|  0%| F|  |TAMS 0x000000071e800000, 0x000000071e800000| Untracked 
| 233|0x000000071ea00000, 0x000000071ea00000, 0x000000071ec00000|  0%| F|  |TAMS 0x000000071ea00000, 0x000000071ea00000| Untracked 
| 234|0x000000071ec00000, 0x000000071ec00000, 0x000000071ee00000|  0%| F|  |TAMS 0x000000071ec00000, 0x000000071ec00000| Untracked 
| 235|0x000000071ee00000, 0x000000071ee00000, 0x000000071f000000|  0%| F|  |TAMS 0x000000071ee00000, 0x000000071ee00000| Untracked 
| 236|0x000000071f000000, 0x000000071f000000, 0x000000071f200000|  0%| F|  |TAMS 0x000000071f000000, 0x000000071f000000| Untracked 
| 237|0x000000071f200000, 0x000000071f200000, 0x000000071f400000|  0%| F|  |TAMS 0x000000071f200000, 0x000000071f200000| Untracked 
| 238|0x000000071f400000, 0x000000071f400000, 0x000000071f600000|  0%| F|  |TAMS 0x000000071f400000, 0x000000071f400000| Untracked 
| 239|0x000000071f600000, 0x000000071f600000, 0x000000071f800000|  0%| F|  |TAMS 0x000000071f600000, 0x000000071f600000| Untracked 
| 240|0x000000071f800000, 0x000000071f9788e0, 0x000000071fa00000| 73%| E|  |TAMS 0x000000071f800000, 0x000000071f800000| Complete 
| 241|0x000000071fa00000, 0x000000071fc00000, 0x000000071fc00000|100%| E|CS|TAMS 0x000000071fa00000, 0x000000071fa00000| Complete 
| 242|0x000000071fc00000, 0x000000071fe00000, 0x000000071fe00000|100%| E|CS|TAMS 0x000000071fc00000, 0x000000071fc00000| Complete 
| 243|0x000000071fe00000, 0x0000000720000000, 0x0000000720000000|100%| E|CS|TAMS 0x000000071fe00000, 0x000000071fe00000| Complete 
| 244|0x0000000720000000, 0x0000000720200000, 0x0000000720200000|100%| E|CS|TAMS 0x0000000720000000, 0x0000000720000000| Complete 
| 245|0x0000000720200000, 0x0000000720400000, 0x0000000720400000|100%| E|CS|TAMS 0x0000000720200000, 0x0000000720200000| Complete 
| 246|0x0000000720400000, 0x0000000720600000, 0x0000000720600000|100%| E|CS|TAMS 0x0000000720400000, 0x0000000720400000| Complete 
| 247|0x0000000720600000, 0x0000000720800000, 0x0000000720800000|100%| E|CS|TAMS 0x0000000720600000, 0x0000000720600000| Complete 
| 248|0x0000000720800000, 0x0000000720a00000, 0x0000000720a00000|100%| E|CS|TAMS 0x0000000720800000, 0x0000000720800000| Complete 
| 249|0x0000000720a00000, 0x0000000720c00000, 0x0000000720c00000|100%| E|CS|TAMS 0x0000000720a00000, 0x0000000720a00000| Complete 
| 250|0x0000000720c00000, 0x0000000720e00000, 0x0000000720e00000|100%| E|CS|TAMS 0x0000000720c00000, 0x0000000720c00000| Complete 
| 251|0x0000000720e00000, 0x0000000721000000, 0x0000000721000000|100%| E|CS|TAMS 0x0000000720e00000, 0x0000000720e00000| Complete 
| 305|0x0000000727a00000, 0x0000000727c00000, 0x0000000727c00000|100%| E|CS|TAMS 0x0000000727a00000, 0x0000000727a00000| Complete 
| 306|0x0000000727c00000, 0x0000000727e00000, 0x0000000727e00000|100%| E|CS|TAMS 0x0000000727c00000, 0x0000000727c00000| Complete 
| 307|0x0000000727e00000, 0x0000000728000000, 0x0000000728000000|100%| E|CS|TAMS 0x0000000727e00000, 0x0000000727e00000| Complete 
| 333|0x000000072b200000, 0x000000072b400000, 0x000000072b400000|100%| E|CS|TAMS 0x000000072b200000, 0x000000072b200000| Complete 

Card table byte_map: [0x00000195f3f20000,0x00000195f4720000] _byte_map_base: 0x00000195f0714000

Marking Bits (Prev, Next): (CMBitMap*) 0x00000195eb027420, (CMBitMap*) 0x00000195eb027460
 Prev Bits: [0x00000195f4f20000, 0x00000195f8ec0000)
 Next Bits: [0x00000195f8ec0000, 0x00000195fce60000)

Polling page: 0x00000195e2b10000

Metaspace:

Usage:
  Non-class:     74.91 MB used.
      Class:     11.98 MB used.
       Both:     86.89 MB used.

Virtual space:
  Non-class space:      128.00 MB reserved,      75.31 MB ( 59%) committed,  2 nodes.
      Class space:        1.00 GB reserved,      12.38 MB (  1%) committed,  1 nodes.
             Both:        1.12 GB reserved,      87.69 MB (  8%) committed. 

Chunk freelists:
   Non-Class:  3.96 MB
       Class:  3.61 MB
        Both:  7.57 MB

MaxMetaspaceSize: unlimited
CompressedClassSpaceSize: 1.00 GB
Initial GC threshold: 21.00 MB
Current GC threshold: 145.62 MB
CDS: on
MetaspaceReclaimPolicy: balanced
 - commit_granule_bytes: 65536.
 - commit_granule_words: 8192.
 - virtual_space_node_default_size: 8388608.
 - enlarge_chunks_in_place: 1.
 - new_chunks_are_fully_committed: 0.
 - uncommit_free_chunks: 1.
 - use_allocation_guard: 0.
 - handle_deallocations: 1.


Internal statistics:

num_allocs_failed_limit: 6.
num_arena_births: 1300.
num_arena_deaths: 0.
num_vsnodes_births: 3.
num_vsnodes_deaths: 0.
num_space_committed: 1397.
num_space_uncommitted: 0.
num_chunks_returned_to_freelist: 6.
num_chunks_taken_from_freelist: 3742.
num_chunk_merges: 6.
num_chunk_splits: 2738.
num_chunks_enlarged: 2020.
num_inconsistent_stats: 0.

CodeHeap 'non-profiled nmethods': size=120000Kb used=20789Kb max_used=20789Kb free=99210Kb
 bounds [0x0000019587ad0000, 0x0000019588f20000, 0x000001958f000000]
CodeHeap 'profiled nmethods': size=120000Kb used=39096Kb max_used=39096Kb free=80903Kb
 bounds [0x0000019580000000, 0x0000019582640000, 0x0000019587530000]
CodeHeap 'non-nmethods': size=5760Kb used=1702Kb max_used=1764Kb free=4057Kb
 bounds [0x0000019587530000, 0x00000195877a0000, 0x0000019587ad0000]
 total_blobs=18878 nmethods=17761 adapters=1023
 compilation: enabled
              stopped_count=0, restarted_count=0
 full_count=0

Compilation events (20 events):
Event: 678.143 Thread 0x00000195ebb243f0 23085   !   3       com.sun.org.apache.xerces.internal.parsers.XML11Configuration::<init> (1321 bytes)
Event: 678.153 Thread 0x00000195ebb243f0 nmethod 23085 0x000001958261d210 code [0x000001958261dfa0, 0x000001958262a738]
Event: 678.153 Thread 0x00000195ebb243f0 23086       3       com.sun.org.apache.xerces.internal.util.ParserConfigurationSettings::<init> (54 bytes)
Event: 678.154 Thread 0x00000195ebb243f0 nmethod 23086 0x000001958262cd90 code [0x000001958262cfc0, 0x000001958262dad8]
Event: 678.154 Thread 0x00000195ebb243f0 23087       3       com.sun.org.apache.xerces.internal.util.SymbolTable::<init> (108 bytes)
Event: 678.154 Thread 0x00000195ebb243f0 nmethod 23087 0x000001958262dd90 code [0x000001958262dfc0, 0x000001958262e6f8]
Event: 678.154 Thread 0x00000195ebb243f0 23088       3       com.sun.org.apache.xerces.internal.impl.XMLEntityManager::<init> (179 bytes)
Event: 678.155 Thread 0x00000195ebb243f0 nmethod 23088 0x000001958262e910 code [0x000001958262ec20, 0x0000019582630578]
Event: 678.155 Thread 0x00000195ebb243f0 23089       3       com.sun.xml.internal.stream.XMLEntityStorage::<init> (26 bytes)
Event: 678.156 Thread 0x00000195ebb243f0 nmethod 23089 0x0000019582630b90 code [0x0000019582630d40, 0x00000195826310f8]
Event: 678.156 Thread 0x00000195ebb243f0 23090       3       com.sun.org.apache.xerces.internal.impl.XMLEntityManager::getRecognizedFeatures (10 bytes)
Event: 678.156 Thread 0x00000195ebb243f0 nmethod 23090 0x0000019582631210 code [0x00000195826313c0, 0x0000019582631688]
Event: 678.186 Thread 0x00000195ebb243f0 23091       3       javax.xml.parsers.FactoryFinder::dPrint (27 bytes)
Event: 678.186 Thread 0x00000195ebb243f0 nmethod 23091 0x0000019582631790 code [0x0000019582631960, 0x0000019582631d88]
Event: 678.187 Thread 0x00000195ebb21ae0 23092       4       jdk.internal.loader.URLClassPath$1::next (59 bytes)
Event: 678.190 Thread 0x00000195ebb243f0 23093       3       com.sun.org.apache.xpath.internal.compiler.OpMap::getFirstChildPos (4 bytes)
Event: 678.190 Thread 0x00000195ebb243f0 nmethod 23093 0x00000195808b5d90 code [0x00000195808b5f20, 0x00000195808b6018]
Event: 678.200 Thread 0x00000195ebb21ae0 nmethod 23092 0x0000019588f1c290 code [0x0000019588f1c4c0, 0x0000019588f1cd10]
Event: 678.279 Thread 0x00000195ebb243f0 23094       1       com.jidesoft.editor.CodeEditor::setContentVisible (6 bytes)
Event: 678.279 Thread 0x00000195ebb243f0 nmethod 23094 0x0000019588f1d310 code [0x0000019588f1d4a0, 0x0000019588f1d578]

GC Heap History (20 events):
Event: 607.530 GC heap before
{Heap before GC invocations=90 (full 22):
 garbage-first heap   total 524288K, used 174363K [0x0000000701800000, 0x0000000800000000)
  region size 2048K, 40 young (81920K), 0 survivors (0K)
 Metaspace       used 88737K, committed 89536K, reserved 1179648K
  class space    used 12257K, committed 12672K, reserved 1048576K
}
Event: 607.534 GC heap after
{Heap after GC invocations=91 (full 22):
 garbage-first heap   total 524288K, used 93084K [0x0000000701800000, 0x0000000800000000)
  region size 2048K, 1 young (2048K), 1 survivors (2048K)
 Metaspace       used 88737K, committed 89536K, reserved 1179648K
  class space    used 12257K, committed 12672K, reserved 1048576K
}
Event: 609.056 GC heap before
{Heap before GC invocations=91 (full 22):
 garbage-first heap   total 524288K, used 129948K [0x0000000701800000, 0x0000000800000000)
  region size 2048K, 18 young (36864K), 1 survivors (2048K)
 Metaspace       used 88747K, committed 89536K, reserved 1179648K
  class space    used 12257K, committed 12672K, reserved 1048576K
}
Event: 609.122 GC heap after
{Heap after GC invocations=92 (full 23):
 garbage-first heap   total 524288K, used 95649K [0x0000000701800000, 0x0000000800000000)
  region size 2048K, 0 young (0K), 0 survivors (0K)
 Metaspace       used 88747K, committed 89536K, reserved 1179648K
  class space    used 12257K, committed 12672K, reserved 1048576K
}
Event: 614.221 GC heap before
{Heap before GC invocations=92 (full 23):
 garbage-first heap   total 524288K, used 126369K [0x0000000701800000, 0x0000000800000000)
  region size 2048K, 12 young (24576K), 0 survivors (0K)
 Metaspace       used 88766K, committed 89600K, reserved 1179648K
  class space    used 12257K, committed 12672K, reserved 1048576K
}
Event: 614.291 GC heap after
{Heap after GC invocations=93 (full 24):
 garbage-first heap   total 524288K, used 95789K [0x0000000701800000, 0x0000000800000000)
  region size 2048K, 0 young (0K), 0 survivors (0K)
 Metaspace       used 88766K, committed 89600K, reserved 1179648K
  class space    used 12257K, committed 12672K, reserved 1048576K
}
Event: 615.201 GC heap before
{Heap before GC invocations=93 (full 24):
 garbage-first heap   total 524288K, used 97837K [0x0000000701800000, 0x0000000800000000)
  region size 2048K, 2 young (4096K), 0 survivors (0K)
 Metaspace       used 88774K, committed 89600K, reserved 1179648K
  class space    used 12257K, committed 12672K, reserved 1048576K
}
Event: 615.263 GC heap after
{Heap after GC invocations=94 (full 25):
 garbage-first heap   total 524288K, used 95730K [0x0000000701800000, 0x0000000800000000)
  region size 2048K, 0 young (0K), 0 survivors (0K)
 Metaspace       used 88774K, committed 89600K, reserved 1179648K
  class space    used 12257K, committed 12672K, reserved 1048576K
}
Event: 616.622 GC heap before
{Heap before GC invocations=94 (full 25):
 garbage-first heap   total 524288K, used 99826K [0x0000000701800000, 0x0000000800000000)
  region size 2048K, 3 young (6144K), 0 survivors (0K)
 Metaspace       used 88781K, committed 89600K, reserved 1179648K
  class space    used 12257K, committed 12672K, reserved 1048576K
}
Event: 616.684 GC heap after
{Heap after GC invocations=95 (full 26):
 garbage-first heap   total 524288K, used 95822K [0x0000000701800000, 0x0000000800000000)
  region size 2048K, 0 young (0K), 0 survivors (0K)
 Metaspace       used 88781K, committed 89600K, reserved 1179648K
  class space    used 12257K, committed 12672K, reserved 1048576K
}
Event: 628.218 GC heap before
{Heap before GC invocations=95 (full 26):
 garbage-first heap   total 524288K, used 116302K [0x0000000701800000, 0x0000000800000000)
  region size 2048K, 11 young (22528K), 0 survivors (0K)
 Metaspace       used 88803K, committed 89600K, reserved 1179648K
  class space    used 12257K, committed 12672K, reserved 1048576K
}
Event: 628.279 GC heap after
{Heap after GC invocations=96 (full 27):
 garbage-first heap   total 524288K, used 96057K [0x0000000701800000, 0x0000000800000000)
  region size 2048K, 0 young (0K), 0 survivors (0K)
 Metaspace       used 88803K, committed 89600K, reserved 1179648K
  class space    used 12257K, committed 12672K, reserved 1048576K
}
Event: 630.706 GC heap before
{Heap before GC invocations=96 (full 27):
 garbage-first heap   total 524288K, used 108345K [0x0000000701800000, 0x0000000800000000)
  region size 2048K, 5 young (10240K), 0 survivors (0K)
 Metaspace       used 88811K, committed 89600K, reserved 1179648K
  class space    used 12257K, committed 12672K, reserved 1048576K
}
Event: 630.766 GC heap after
{Heap after GC invocations=97 (full 28):
 garbage-first heap   total 524288K, used 93965K [0x0000000701800000, 0x0000000800000000)
  region size 2048K, 0 young (0K), 0 survivors (0K)
 Metaspace       used 88811K, committed 89600K, reserved 1179648K
  class space    used 12257K, committed 12672K, reserved 1048576K
}
Event: 648.640 GC heap before
{Heap before GC invocations=97 (full 28):
 garbage-first heap   total 524288K, used 175885K [0x0000000701800000, 0x0000000800000000)
  region size 2048K, 40 young (81920K), 0 survivors (0K)
 Metaspace       used 88887K, committed 89728K, reserved 1179648K
  class space    used 12263K, committed 12672K, reserved 1048576K
}
Event: 648.645 GC heap after
{Heap after GC invocations=98 (full 28):
 garbage-first heap   total 524288K, used 95435K [0x0000000701800000, 0x0000000800000000)
  region size 2048K, 1 young (2048K), 1 survivors (2048K)
 Metaspace       used 88887K, committed 89728K, reserved 1179648K
  class space    used 12263K, committed 12672K, reserved 1048576K
}
Event: 657.946 GC heap before
{Heap before GC invocations=98 (full 28):
 garbage-first heap   total 524288K, used 122059K [0x0000000701800000, 0x0000000800000000)
  region size 2048K, 15 young (30720K), 1 survivors (2048K)
 Metaspace       used 88897K, committed 89728K, reserved 1179648K
  class space    used 12263K, committed 12672K, reserved 1048576K
}
Event: 657.950 GC heap after
{Heap after GC invocations=99 (full 28):
 garbage-first heap   total 524288K, used 95454K [0x0000000701800000, 0x0000000800000000)
  region size 2048K, 1 young (2048K), 1 survivors (2048K)
 Metaspace       used 88897K, committed 89728K, reserved 1179648K
  class space    used 12263K, committed 12672K, reserved 1048576K
}
Event: 676.538 GC heap before
{Heap before GC invocations=99 (full 28):
 garbage-first heap   total 524288K, used 175326K [0x0000000701800000, 0x0000000800000000)
  region size 2048K, 40 young (81920K), 1 survivors (2048K)
 Metaspace       used 88962K, committed 89792K, reserved 1179648K
  class space    used 12263K, committed 12672K, reserved 1048576K
}
Event: 676.550 GC heap after
{Heap after GC invocations=100 (full 28):
 garbage-first heap   total 524288K, used 96076K [0x0000000701800000, 0x0000000800000000)
  region size 2048K, 2 young (4096K), 2 survivors (4096K)
 Metaspace       used 88962K, committed 89792K, reserved 1179648K
  class space    used 12263K, committed 12672K, reserved 1048576K
}

Dll operation events (20 events):
Event: 1.917 Loaded shared library C:\Xilinx\Vivado\2023.2\lib\win64.o\librdi_ipservicestasks.dll
Event: 1.920 Loaded shared library C:\Xilinx\Vivado\2023.2\lib\win64.o\librdi_vivadotasks.dll
Event: 1.922 Loaded shared library C:\Xilinx\Vivado\2023.2\lib\win64.o\librdi_board.dll
Event: 1.924 Loaded shared library C:\Xilinx\Vivado\2023.2\lib\win64.o\librdi_boarddep.dll
Event: 1.926 Loaded shared library C:\Xilinx\Vivado\2023.2\lib\win64.o\librdi_boardcommontasks.dll
Event: 1.928 Loaded shared library C:\Xilinx\Vivado\2023.2\lib\win64.o\librdi_ptgen.dll
Event: 1.930 Loaded shared library C:\Xilinx\Vivado\2023.2\lib\win64.o\librdi_ip.dll
Event: 1.932 Loaded shared library C:\Xilinx\Vivado\2023.2\lib\win64.o\librdi_mig.dll
Event: 1.935 Loaded shared library C:\Xilinx\Vivado\2023.2\lib\win64.o\librdi_implflow.dll
Event: 1.937 Loaded shared library C:\Xilinx\Vivado\2023.2\lib\win64.o\librdi_xhubtasks.dll
Event: 1.945 Loaded shared library C:\Xilinx\Vivado\2023.2\lib\win64.o\librdi_iptasks.dll
Event: 1.949 Loaded shared library C:\Xilinx\Vivado\2023.2\lib\win64.o\librdi_synth.dll
Event: 3.788 Loaded shared library C:\Xilinx\Vivado\2023.2\tps\win64\jre17.0.7_7\bin\verify.dll
Event: 4.255 Loaded shared library C:\Xilinx\Vivado\2023.2\tps\win64\jre17.0.7_7\bin\javajpeg.dll
Event: 4.269 Loaded shared library C:\Xilinx\Vivado\2023.2\tps\win64\jre17.0.7_7\bin\lcms.dll
Event: 5.159 Loaded shared library C:\Xilinx\Vivado\2023.2\tps\win64\jre17.0.7_7\bin\freetype.dll
Event: 5.161 Loaded shared library C:\Xilinx\Vivado\2023.2\tps\win64\jre17.0.7_7\bin\fontmanager.dll
Event: 11.213 Loaded shared library C:\Xilinx\Vivado\2023.2\lib\win64.o\librdi_xhub.dll
Event: 16.815 Loaded shared library C:\Xilinx\Vivado\2023.2\tps\win64\jre17.0.7_7\bin\management.dll
Event: 16.818 Loaded shared library C:\Xilinx\Vivado\2023.2\tps\win64\jre17.0.7_7\bin\management_ext.dll

Deoptimization events (20 events):
Event: 665.422 Thread 0x0000019593218400 DEOPT PACKING pc=0x0000019588a3eb1c sp=0x000000705cbfca50
Event: 665.422 Thread 0x0000019593218400 DEOPT UNPACKING pc=0x000001958758a1a3 sp=0x000000705cbfc9e0 mode 2
Event: 671.933 Thread 0x0000019593218400 Uncommon trap: trap_request=0xffffff45 fr.pc=0x0000019588eb30ec relative=0x000000000000110c
Event: 671.933 Thread 0x0000019593218400 Uncommon trap: reason=unstable_if action=reinterpret pc=0x0000019588eb30ec method=com.jidesoft.swing.JideSwingUtilities.isAncestorOfFocusOwner(Ljava/awt/Component;)Z @ 11 c2
Event: 671.933 Thread 0x0000019593218400 DEOPT PACKING pc=0x0000019588eb30ec sp=0x000000705cbfe6a0
Event: 671.933 Thread 0x0000019593218400 DEOPT UNPACKING pc=0x000001958758a1a3 sp=0x000000705cbfe598 mode 2
Event: 671.933 Thread 0x0000019593218400 Uncommon trap: trap_request=0xffffff45 fr.pc=0x00000195885e95a4 relative=0x00000000000003e4
Event: 671.933 Thread 0x0000019593218400 Uncommon trap: reason=unstable_if action=reinterpret pc=0x00000195885e95a4 method=com.jidesoft.swing.JideSwingUtilities.isAncestorOfFocusOwner(Ljava/awt/Component;)Z @ 11 c2
Event: 671.933 Thread 0x0000019593218400 DEOPT PACKING pc=0x00000195885e95a4 sp=0x000000705cbfe620
Event: 671.933 Thread 0x0000019593218400 DEOPT UNPACKING pc=0x000001958758a1a3 sp=0x000000705cbfe560 mode 2
Event: 671.933 Thread 0x0000019593218400 Uncommon trap: trap_request=0xffffff45 fr.pc=0x0000019588e48258 relative=0x00000000000010f8
Event: 671.933 Thread 0x0000019593218400 Uncommon trap: reason=unstable_if action=reinterpret pc=0x0000019588e48258 method=com.jidesoft.swing.JideSwingUtilities.isAncestorOfFocusOwner(Ljava/awt/Component;)Z @ 11 c2
Event: 671.933 Thread 0x0000019593218400 DEOPT PACKING pc=0x0000019588e48258 sp=0x000000705cbfe6a0
Event: 671.933 Thread 0x0000019593218400 DEOPT UNPACKING pc=0x000001958758a1a3 sp=0x000000705cbfe598 mode 2
Event: 671.933 Thread 0x0000019593218400 Uncommon trap: trap_request=0xffffff45 fr.pc=0x00000195885eac68 relative=0x0000000000000408
Event: 671.933 Thread 0x0000019593218400 Uncommon trap: reason=unstable_if action=reinterpret pc=0x00000195885eac68 method=com.jidesoft.swing.JideSwingUtilities.isAncestorOfFocusOwner(Ljava/awt/Component;)Z @ 11 c2
Event: 671.933 Thread 0x0000019593218400 DEOPT PACKING pc=0x00000195885eac68 sp=0x000000705cbfe5a0
Event: 671.933 Thread 0x0000019593218400 DEOPT UNPACKING pc=0x000001958758a1a3 sp=0x000000705cbfe558 mode 2
Event: 678.187 Thread 0x0000019593218400 DEOPT PACKING pc=0x00000195801f91c4 sp=0x000000705cbfe220
Event: 678.187 Thread 0x0000019593218400 DEOPT UNPACKING pc=0x000001958758ace3 sp=0x000000705cbfd6c0 mode 0

Classes unloaded (0 events):
No events

Classes redefined (0 events):
No events

Internal exceptions (20 events):
Event: 633.544 Thread 0x0000019593218400 Implicit null exception at 0x00000195889febd1 to 0x00000195889fed08
Event: 638.078 Thread 0x0000019593218400 Exception <a 'java/io/FileNotFoundException'{0x000000071d4730c8}> (0x000000071d4730c8) 
thrown [s\src\hotspot\share\prims\jni.cpp, line 516]
Event: 638.103 Thread 0x0000019593218400 Exception <a 'java/io/FileNotFoundException'{0x000000071d473d38}> (0x000000071d473d38) 
thrown [s\src\hotspot\share\prims\jni.cpp, line 516]
Event: 643.078 Thread 0x0000019593218400 Exception <a 'java/io/FileNotFoundException'{0x000000071d494fb0}> (0x000000071d494fb0) 
thrown [s\src\hotspot\share\prims\jni.cpp, line 516]
Event: 643.104 Thread 0x0000019593218400 Exception <a 'java/io/FileNotFoundException'{0x000000071d495860}> (0x000000071d495860) 
thrown [s\src\hotspot\share\prims\jni.cpp, line 516]
Event: 648.079 Thread 0x0000019593218400 Exception <a 'java/io/FileNotFoundException'{0x000000071cb5e820}> (0x000000071cb5e820) 
thrown [s\src\hotspot\share\prims\jni.cpp, line 516]
Event: 648.105 Thread 0x0000019593218400 Exception <a 'java/io/FileNotFoundException'{0x000000071cb5f760}> (0x000000071cb5f760) 
thrown [s\src\hotspot\share\prims\jni.cpp, line 516]
Event: 653.079 Thread 0x0000019593218400 Exception <a 'java/io/FileNotFoundException'{0x000000072085d3c0}> (0x000000072085d3c0) 
thrown [s\src\hotspot\share\prims\jni.cpp, line 516]
Event: 653.105 Thread 0x0000019593218400 Exception <a 'java/io/FileNotFoundException'{0x000000072085e1c0}> (0x000000072085e1c0) 
thrown [s\src\hotspot\share\prims\jni.cpp, line 516]
Event: 658.402 Thread 0x0000019593218400 Exception <a 'java/io/FileNotFoundException'{0x0000000727c97980}> (0x0000000727c97980) 
thrown [s\src\hotspot\share\prims\jni.cpp, line 516]
Event: 658.402 Thread 0x0000019593218400 Exception <a 'java/io/FileNotFoundException'{0x0000000727c98980}> (0x0000000727c98980) 
thrown [s\src\hotspot\share\prims\jni.cpp, line 516]
Event: 663.082 Thread 0x0000019593218400 Exception <a 'java/io/FileNotFoundException'{0x000000071fffaab0}> (0x000000071fffaab0) 
thrown [s\src\hotspot\share\prims\jni.cpp, line 516]
Event: 663.106 Thread 0x0000019593218400 Exception <a 'java/io/FileNotFoundException'{0x000000071fffcda8}> (0x000000071fffcda8) 
thrown [s\src\hotspot\share\prims\jni.cpp, line 516]
Event: 668.081 Thread 0x0000019593218400 Exception <a 'java/io/FileNotFoundException'{0x000000071d7f63f0}> (0x000000071d7f63f0) 
thrown [s\src\hotspot\share\prims\jni.cpp, line 516]
Event: 668.120 Thread 0x0000019593218400 Exception <a 'java/io/FileNotFoundException'{0x000000071d7f7180}> (0x000000071d7f7180) 
thrown [s\src\hotspot\share\prims\jni.cpp, line 516]
Event: 673.082 Thread 0x0000019593218400 Exception <a 'java/io/FileNotFoundException'{0x000000071ce55a50}> (0x000000071ce55a50) 
thrown [s\src\hotspot\share\prims\jni.cpp, line 516]
Event: 673.120 Thread 0x0000019593218400 Exception <a 'java/io/FileNotFoundException'{0x000000071ce56580}> (0x000000071ce56580) 
thrown [s\src\hotspot\share\prims\jni.cpp, line 516]
Event: 677.718 Thread 0x00000195b3f808a0 Exception <a 'java/lang/InterruptedException'{0x000000072b38a6a0}: sleep interrupted> (0x000000072b38a6a0) 
thrown [s\src\hotspot\share\prims\jvm.cpp, line 3070]
Event: 678.082 Thread 0x0000019593218400 Exception <a 'java/io/FileNotFoundException'{0x0000000727fceb58}> (0x0000000727fceb58) 
thrown [s\src\hotspot\share\prims\jni.cpp, line 516]
Event: 678.121 Thread 0x0000019593218400 Exception <a 'java/io/FileNotFoundException'{0x0000000727fcf688}> (0x0000000727fcf688) 
thrown [s\src\hotspot\share\prims\jni.cpp, line 516]

VM Operations (20 events):
Event: 657.946 Executing VM operation: G1CollectForAllocation
Event: 657.950 Executing VM operation: G1CollectForAllocation done
Event: 659.950 Executing VM operation: Cleanup
Event: 659.950 Executing VM operation: Cleanup done
Event: 664.952 Executing VM operation: Cleanup
Event: 664.952 Executing VM operation: Cleanup done
Event: 666.953 Executing VM operation: Cleanup
Event: 666.953 Executing VM operation: Cleanup done
Event: 667.964 Executing VM operation: Cleanup
Event: 667.964 Executing VM operation: Cleanup done
Event: 669.964 Executing VM operation: Cleanup
Event: 669.965 Executing VM operation: Cleanup done
Event: 671.965 Executing VM operation: Cleanup
Event: 671.965 Executing VM operation: Cleanup done
Event: 672.965 Executing VM operation: Cleanup
Event: 672.965 Executing VM operation: Cleanup done
Event: 673.966 Executing VM operation: Cleanup
Event: 673.966 Executing VM operation: Cleanup done
Event: 676.538 Executing VM operation: G1CollectForAllocation
Event: 676.550 Executing VM operation: G1CollectForAllocation done

Events (20 events):
Event: 675.768 Thread 0x00000195b3f855a0 Thread exited: 0x00000195b3f855a0
Event: 676.202 Thread 0x00000195b3f85a70 Thread added: 0x00000195b3f85a70
Event: 676.211 Thread 0x00000195b3f85a70 Thread exited: 0x00000195b3f85a70
Event: 677.017 Thread 0x00000195b3f855a0 Thread added: 0x00000195b3f855a0
Event: 677.203 Thread 0x00000195b3f85f40 Thread added: 0x00000195b3f85f40
Event: 677.210 Thread 0x00000195b3f85f40 Thread exited: 0x00000195b3f85f40
Event: 677.718 Thread 0x00000195b3f808a0 Thread exited: 0x00000195b3f808a0
Event: 677.723 Thread 0x00000195b3f7ebc0 Thread added: 0x00000195b3f7ebc0
Event: 677.723 Thread 0x00000195b3f81710 Thread added: 0x00000195b3f81710
Event: 677.723 Thread 0x00000195b3f85a70 Thread added: 0x00000195b3f85a70
Event: 677.769 Thread 0x00000195b3f85a70 Thread exited: 0x00000195b3f85a70
Event: 678.063 Thread 0x00000195b3f855a0 Thread exited: 0x00000195b3f855a0
Event: 678.171 Thread 0x00000195b3f808a0 Thread added: 0x00000195b3f808a0
Event: 678.182 Thread 0x00000195b3f808a0 Thread exited: 0x00000195b3f808a0
Event: 678.211 Thread 0x00000195b3f808a0 Thread added: 0x00000195b3f808a0
Event: 678.216 Thread 0x00000195b3f808a0 Thread exited: 0x00000195b3f808a0
Event: 678.269 Thread 0x00000195b3f85a70 Thread added: 0x00000195b3f85a70
Event: 678.270 Thread 0x00000195b3f81240 Thread added: 0x00000195b3f81240
Event: 678.270 Thread 0x00000195b3f86410 Thread added: 0x00000195b3f86410
Event: 678.286 Thread 0x00000195b3f81240 Thread exited: 0x00000195b3f81240


Dynamic libraries:
0x00007ff66e440000 - 0x00007ff66e471000 	C:\Xilinx\Vivado\2023.2\bin\unwrapped\win64.o\vivado.exe
0x00007ffb8fc90000 - 0x00007ffb8fea7000 	C:\WINDOWS\SYSTEM32\ntdll.dll
0x00007ffb8ea80000 - 0x00007ffb8eb44000 	C:\WINDOWS\System32\KERNEL32.DLL
0x00007ffb8d610000 - 0x00007ffb8d9b7000 	C:\WINDOWS\System32\KERNELBASE.dll
0x00007ffb8cfb0000 - 0x00007ffb8d0c1000 	C:\WINDOWS\System32\ucrtbase.dll
0x00007ffb6bf30000 - 0x00007ffb6bf4b000 	C:\WINDOWS\SYSTEM32\VCRUNTIME140.dll
0x00007ffb684b0000 - 0x00007ffb6853e000 	C:\WINDOWS\SYSTEM32\MSVCP140.dll
0x00007ffb85760000 - 0x00007ffb8577c000 	C:\Xilinx\Vivado\2023.2\lib\win64.o\librdi_commonmain.dll
0x00007ffb6b8b0000 - 0x00007ffb6b8bc000 	C:\WINDOWS\SYSTEM32\VCRUNTIME140_1.dll
0x00007ffb34fc0000 - 0x00007ffb3666a000 	C:\Xilinx\Vivado\2023.2\lib\win64.o\librdi_common.dll
0x00007ffb8e240000 - 0x00007ffb8e3ee000 	C:\WINDOWS\System32\USER32.dll
0x00007ffb8d5e0000 - 0x00007ffb8d606000 	C:\WINDOWS\System32\win32u.dll
0x00007ffb8ee80000 - 0x00007ffb8eea9000 	C:\WINDOWS\System32\GDI32.dll
0x00007ffb8d1c0000 - 0x00007ffb8d2d9000 	C:\WINDOWS\System32\gdi32full.dll
0x00007ffb8d3d0000 - 0x00007ffb8d46a000 	C:\WINDOWS\System32\msvcp_win.dll
0x00007ffb84f70000 - 0x00007ffb84f91000 	C:\Xilinx\Vivado\2023.2\lib\win64.o\libboost_filesystem.dll
0x00007ffb3cca0000 - 0x00007ffb3d0d0000 	C:\Xilinx\Vivado\2023.2\lib\win64.o\python38.dll
0x00007ffb8d9c0000 - 0x00007ffb8da72000 	C:\WINDOWS\System32\ADVAPI32.dll
0x00007ffb8f070000 - 0x00007ffb8f8cc000 	C:\WINDOWS\System32\SHELL32.dll
0x00007ffb8f930000 - 0x00007ffb8f9d7000 	C:\WINDOWS\System32\msvcrt.dll
0x00007ffb87cb0000 - 0x00007ffb87cb9000 	C:\Xilinx\Vivado\2023.2\lib\win64.o\librdi_commonversion.dll
0x00007ffb8e490000 - 0x00007ffb8e538000 	C:\WINDOWS\System32\sechost.dll
0x00007ffb8d0d0000 - 0x00007ffb8d13b000 	C:\WINDOWS\System32\WINTRUST.dll
0x00007ffb8d2e0000 - 0x00007ffb8d308000 	C:\WINDOWS\System32\bcrypt.dll
0x00007ffb8ef40000 - 0x00007ffb8f055000 	C:\WINDOWS\System32\RPCRT4.dll
0x00007ffb8ed00000 - 0x00007ffb8ed71000 	C:\WINDOWS\System32\WS2_32.dll
0x00007ffb3cae0000 - 0x00007ffb3cc96000 	C:\Xilinx\Vivado\2023.2\lib\win64.o\librdi_commonxillic.dll
0x00000000691e0000 - 0x000000006930c000 	C:\Xilinx\Vivado\2023.2\lib\win64.o\tcl85t.dll
0x00007ffb8f8d0000 - 0x00007ffb8f92e000 	C:\WINDOWS\System32\SHLWAPI.dll
0x00007ffb3c770000 - 0x00007ffb3cade000 	C:\Xilinx\Vivado\2023.2\lib\win64.o\libCOIN-all.dll
0x00007ffb7e2c0000 - 0x00007ffb7e2d1000 	C:\Xilinx\Vivado\2023.2\lib\win64.o\libboost_date_time.dll
0x00007ffb67a40000 - 0x00007ffb67ab9000 	C:\Xilinx\Vivado\2023.2\lib\win64.o\libboost_program_options.dll
0x00007ffb3fbd0000 - 0x00007ffb3fce4000 	C:\Xilinx\Vivado\2023.2\lib\win64.o\libboost_regex.dll
0x00007ffb7a360000 - 0x00007ffb7a37c000 	C:\Xilinx\Vivado\2023.2\lib\win64.o\libboost_thread.dll
0x00007ffb85750000 - 0x00007ffb8575c000 	C:\Xilinx\Vivado\2023.2\lib\win64.o\libboost_xilinx.dll
0x00007ffb67670000 - 0x00007ffb676f2000 	C:\Xilinx\Vivado\2023.2\lib\win64.o\libhdlpsolve.dll
0x00007ffb63620000 - 0x00007ffb636c5000 	C:\Xilinx\Vivado\2023.2\lib\win64.o\libhdxml.dll
0x00007ffb22740000 - 0x00007ffb23764600 	C:\Xilinx\Vivado\2023.2\lib\win64.o\libisl_iostreams.dll
0x00007ffb68c70000 - 0x00007ffb68c9a000 	C:\Xilinx\Vivado\2023.2\lib\win64.o\libisl_sysinfo.dll
0x00007ffb675a0000 - 0x00007ffb67605000 	C:\Xilinx\Vivado\2023.2\lib\win64.o\liblmx6.0.dll
0x00007ffb7a2c0000 - 0x00007ffb7a2da000 	C:\Xilinx\Vivado\2023.2\lib\win64.o\pthreadVC2.dll
0x00007ffb68bc0000 - 0x00007ffb68bdc000 	C:\Xilinx\Vivado\2023.2\lib\win64.o\librdiconfig.dll
0x00007ffb68300000 - 0x00007ffb68321000 	C:\Xilinx\Vivado\2023.2\lib\win64.o\librdizlib.dll
0x00007ffb3c4a0000 - 0x00007ffb3c761000 	C:\Xilinx\Vivado\2023.2\lib\win64.o\xerces-c_3_2.dll
0x00007ffb79cd0000 - 0x00007ffb79ce9000 	C:\WINDOWS\SYSTEM32\NETAPI32.dll
0x00007ffb77fc0000 - 0x00007ffb784b4000 	C:\WINDOWS\SYSTEM32\WININET.dll
0x00007ffb861d0000 - 0x00007ffb86306000 	C:\WINDOWS\SYSTEM32\WINHTTP.dll
0x00007ffb59d00000 - 0x00007ffb59ef0000 	C:\WINDOWS\SYSTEM32\urlmon.dll
0x00007ffb20820000 - 0x00007ffb22737000 	C:\Xilinx\Vivado\2023.2\lib\win64.o\gurobi90.dll
0x00007ffb8d470000 - 0x00007ffb8d5d7000 	C:\WINDOWS\System32\CRYPT32.dll
0x00007ffb68470000 - 0x00007ffb684a1000 	C:\WINDOWS\SYSTEM32\VCOMP140.DLL
0x00007ffb8eed0000 - 0x00007ffb8ef31000 	C:\WINDOWS\System32\WLDAP32.dll
0x00007ffb5c800000 - 0x00007ffb5c809000 	C:\WINDOWS\SYSTEM32\WSOCK32.dll
0x00007ffb8ebb0000 - 0x00007ffb8ebb8000 	C:\WINDOWS\System32\Normaliz.dll
0x00007ffb3c170000 - 0x00007ffb3c49d000 	C:\Xilinx\Vivado\2023.2\lib\win64.o\libXil_lmgr11.dll
0x00007ffb8ec00000 - 0x00007ffb8ecf7000 	C:\WINDOWS\System32\COMDLG32.dll
0x00007ffb79cf0000 - 0x00007ffb79cfa000 	C:\WINDOWS\SYSTEM32\VERSION.dll
0x00007ffb8e590000 - 0x00007ffb8e918000 	C:\WINDOWS\System32\combase.dll
0x00007ffb8ed80000 - 0x00007ffb8ee75000 	C:\WINDOWS\System32\shcore.dll
0x00007ffb8dc30000 - 0x00007ffb8dd07000 	C:\WINDOWS\System32\OLEAUT32.dll
0x00007ffb8da80000 - 0x00007ffb8dc25000 	C:\WINDOWS\System32\ole32.dll
0x00007ffb68ba0000 - 0x00007ffb68bb8000 	C:\Xilinx\Vivado\2023.2\lib\win64.o\libboost_iostreams.dll
0x00007ffb677d0000 - 0x00007ffb677f4000 	C:\Xilinx\Vivado\2023.2\lib\win64.o\libisl_iosutils.dll
0x00007ffb6ffc0000 - 0x00007ffb7027c000 	C:\WINDOWS\SYSTEM32\iertutil.dll
0x00007ffb7a010000 - 0x00007ffb7a038000 	C:\WINDOWS\SYSTEM32\srvcli.dll
0x00007ffb8bb30000 - 0x00007ffb8bb3c000 	C:\WINDOWS\SYSTEM32\netutils.dll
0x00007ffb798a0000 - 0x00007ffb79953000 	C:\WINDOWS\WinSxS\amd64_microsoft.windows.common-controls_6595b64144ccf1df_5.82.22621.3527_none_b43b7f4b638cc64f\COMCTL32.dll
0x00007ffb859c0000 - 0x00007ffb859df000 	C:\WINDOWS\SYSTEM32\dhcpcsvc.DLL
0x00007ffb8c540000 - 0x00007ffb8c568000 	C:\WINDOWS\SYSTEM32\USERENV.dll
0x00007ffb8c440000 - 0x00007ffb8c4a9000 	C:\WINDOWS\SYSTEM32\MSWSOCK.DLL
0x00007ffb8ebc0000 - 0x00007ffb8ebf1000 	C:\WINDOWS\System32\IMM32.DLL
0x00007ffb8c700000 - 0x00007ffb8c712000 	C:\WINDOWS\SYSTEM32\MSASN1.dll
0x00007ffb8c6b0000 - 0x00007ffb8c6cb000 	C:\WINDOWS\SYSTEM32\CRYPTSP.dll
0x00007ffb8bfd0000 - 0x00007ffb8bfe8000 	C:\WINDOWS\SYSTEM32\kernel.appcore.dll
0x00007ffb8bf30000 - 0x00007ffb8bf65000 	C:\WINDOWS\system32\rsaenh.dll
0x00007ffb8c6a0000 - 0x00007ffb8c6ac000 	C:\WINDOWS\SYSTEM32\CRYPTBASE.dll
0x00007ffb8d140000 - 0x00007ffb8d1b9000 	C:\WINDOWS\System32\bcryptPrimitives.dll
0x00007ffb8e470000 - 0x00007ffb8e48f000 	C:\WINDOWS\System32\imagehlp.dll
0x00007ffb3ac00000 - 0x00007ffb3b14d000 	C:\Xilinx\Vivado\2023.2\lib\win64.o\librdi_commontasks.dll
0x00007ffb379d0000 - 0x00007ffb38618000 	C:\Xilinx\Vivado\2023.2\tps\win64\jre17.0.7_7\bin\server\jvm.dll
0x00007ffb39cd0000 - 0x00007ffb39ffb800 	C:\Xilinx\Vivado\2023.2\lib\win64.o\librdi_sio.dll
0x00007ffb8ba00000 - 0x00007ffb8ba2d000 	C:\WINDOWS\SYSTEM32\IPHLPAPI.DLL
0x00007ffb83900000 - 0x00007ffb83934000 	C:\WINDOWS\SYSTEM32\WINMM.dll
0x00007ffb8c4d0000 - 0x00007ffb8c4f6000 	C:\WINDOWS\SYSTEM32\gpapi.dll
0x00007ffb793e0000 - 0x00007ffb79412000 	C:\Windows\System32\cryptnet.dll
0x00007ffb8cee0000 - 0x00007ffb8cf01000 	C:\WINDOWS\SYSTEM32\profapi.dll
0x00007ffb89fd0000 - 0x00007ffb89fdd000 	C:\WINDOWS\SYSTEM32\WINNSI.DLL
0x00007ffb8dd10000 - 0x00007ffb8dd19000 	C:\WINDOWS\System32\NSI.dll
0x00007ffb8c230000 - 0x00007ffb8c27c000 	C:\WINDOWS\SYSTEM32\SspiCli.dll
0x00007ffb5c880000 - 0x00007ffb5c897000 	C:\WINDOWS\system32\napinsp.dll
0x00007ffb5c860000 - 0x00007ffb5c87b000 	C:\WINDOWS\system32\pnrpnsp.dll
0x00007ffb8ba30000 - 0x00007ffb8bb29000 	C:\WINDOWS\SYSTEM32\DNSAPI.dll
0x00007ffb5c840000 - 0x00007ffb5c851000 	C:\WINDOWS\System32\winrnr.dll
0x00007ffb83320000 - 0x00007ffb83335000 	C:\WINDOWS\system32\wshbth.dll
0x00007ffb5c810000 - 0x00007ffb5c831000 	C:\WINDOWS\system32\nlansp_c.dll
0x00007ffb8aeb0000 - 0x00007ffb8b7a6000 	C:\WINDOWS\SYSTEM32\windows.storage.dll
0x00007ffb8ad70000 - 0x00007ffb8aeae000 	C:\WINDOWS\SYSTEM32\wintypes.dll
0x00007ffb1da50000 - 0x00007ffb20816000 	C:\Xilinx\Vivado\2023.2\lib\win64.o\librdi_tcltasks.dll
0x00007ffb3b210000 - 0x00007ffb3b410000 	C:\Xilinx\Vivado\2023.2\lib\win64.o\librdi_board.dll
0x00007ffb34ad0000 - 0x00007ffb34fb1000 	C:\Xilinx\Vivado\2023.2\lib\win64.o\librdi_bitstream.dll
0x00007ffb3f710000 - 0x00007ffb3f83a000 	C:\Xilinx\Vivado\2023.2\lib\win64.o\librdi_chipscope.dll
0x00007ffb590b0000 - 0x00007ffb59133000 	C:\Xilinx\Vivado\2023.2\lib\win64.o\librdi_boarddep.dll
0x00007ffb3c000000 - 0x00007ffb3c16e000 	C:\Xilinx\Vivado\2023.2\lib\win64.o\librdi_containers.dll
0x00007ffb39450000 - 0x00007ffb39657000 	C:\Xilinx\Vivado\2023.2\lib\win64.o\librdi_chipscopeimpl.dll
0x00007ffafbf80000 - 0x00007ffafe675000 	C:\Xilinx\Vivado\2023.2\lib\win64.o\librdi_constraints.dll
0x00007ffb34730000 - 0x00007ffb34acf000 	C:\Xilinx\Vivado\2023.2\lib\win64.o\librdi_dlyest.dll
0x00007ffb33c80000 - 0x00007ffb343b6000 	C:\Xilinx\Vivado\2023.2\lib\win64.o\librdi_drc.dll
0x00007ffafa170000 - 0x00007ffafbf77000 	C:\Xilinx\Vivado\2023.2\lib\win64.o\librdi_designutils.dll
0x00007ffb3f5a0000 - 0x00007ffb3f654000 	C:\Xilinx\Vivado\2023.2\lib\win64.o\librdi_dsp.dll
0x00007ffafe890000 - 0x00007ffaffe93000 	C:\Xilinx\Vivado\2023.2\lib\win64.o\librdi_device.dll
0x00007ffb014a0000 - 0x00007ffb03bd6000 	C:\Xilinx\Vivado\2023.2\lib\win64.o\librdi_coregen.dll
0x00007ffb32530000 - 0x00007ffb32cef000 	C:\Xilinx\Vivado\2023.2\lib\win64.o\librdi_filemgmt.dll
0x00007ffb67470000 - 0x00007ffb674db000 	C:\Xilinx\Vivado\2023.2\lib\win64.o\librdi_hdf.dll
0x00007ffb376a0000 - 0x00007ffb37984000 	C:\Xilinx\Vivado\2023.2\lib\win64.o\librdi_hip_devdesign.dll
0x00007ffb3bae0000 - 0x00007ffb3bc28000 	C:\Xilinx\Vivado\2023.2\lib\win64.o\librdi_hip_perf_analysis.dll
0x00007ffb33400000 - 0x00007ffb33a56000 	C:\Xilinx\Vivado\2023.2\lib\win64.o\librdi_memdata.dll
0x00007ffb005f0000 - 0x00007ffb014a0000 	C:\Xilinx\Vivado\2023.2\lib\win64.o\librdi_ippcw.dll
0x00007ffb54650000 - 0x00007ffb546cd000 	C:\Xilinx\Vivado\2023.2\lib\win64.o\librdi_memoryarray.dll
0x00007ffaf98d0000 - 0x00007ffafa16a000 	C:\Xilinx\Vivado\2023.2\lib\win64.o\librdi_lopt.dll
0x00007ffb18b50000 - 0x00007ffb19c93000 	C:\Xilinx\Vivado\2023.2\lib\win64.o\librdi_implflow.dll
0x00007ffb50bc0000 - 0x00007ffb50c32000 	C:\Xilinx\Vivado\2023.2\lib\win64.o\librdi_noc_frameworks.dll
0x00007ffb673e0000 - 0x00007ffb6743c000 	C:\Xilinx\Vivado\2023.2\lib\win64.o\librdi_pfi.dll
0x00007ffaf6670000 - 0x00007ffaf6e74000 	C:\Xilinx\Vivado\2023.2\lib\win64.o\librdi_netlist.dll
0x00007ffaf3330000 - 0x00007ffaf37ae000 	C:\Xilinx\Vivado\2023.2\lib\win64.o\librdi_platform.dll
0x00007ffaf2a30000 - 0x00007ffaf3322000 	C:\Xilinx\Vivado\2023.2\lib\win64.o\librdi_power.dll
0x00007ffaf21a0000 - 0x00007ffaf2a2b000 	C:\Xilinx\Vivado\2023.2\lib\win64.o\librdi_project.dll
0x00007ffaf1a20000 - 0x00007ffaf2197000 	C:\Xilinx\Vivado\2023.2\lib\win64.o\librdi_psta.dll
0x00007ffaf37b0000 - 0x00007ffaf666c000 	C:\Xilinx\Vivado\2023.2\lib\win64.o\librdi_place.dll

dbghelp: loaded successfully - version: 4.0.5 - missing functions: none
symbol engine: initialized successfully - sym options: 0x614 - pdb path: .;C:\Xilinx\Vivado\2023.2\bin\unwrapped\win64.o;C:\WINDOWS\SYSTEM32;C:\Xilinx\Vivado\2023.2\lib\win64.o;C:\WINDOWS\WinSxS\amd64_microsoft.windows.common-controls_6595b64144ccf1df_5.82.22621.3527_none_b43b7f4b638cc64f;C:\Xilinx\Vivado\2023.2\tps\win64\jre17.0.7_7\bin\server;C:\Xilinx\Vivado\2023.2\tps\win64\jre17.0.7_7\bin;C:\WINDOWS\WinSxS\amd64_microsoft.windows.common-controls_6595b64144ccf1df_6.0.22621.3527_none_270e469b73872a76

VM Arguments:
jvm_args: -Dsun.java2d.pmoffscreen=false -Dhttps.protocols=TLSv1,TLSv1.1,TLSv1.2 -Dsun.java2d.xrender=false -Dsun.java2d.d3d=false -Dsun.awt.nopixfmt=true -Dsun.java2d.dpiaware=true -Dsun.java2d.uiScale.enabled=false -Dswing.aatext=true -XX:-UsePerfData -Djdk.map.althashing.threshold=512 -XX:StringTableSize=4072 -XX:+UseStringDeduplication -XX:MaxGCPauseMillis=200 -XX:+ParallelRefProcEnabled --add-opens=java.desktop/javax.swing.plaf.synth=ALL-UNNAMED --add-opens=java.base/java.nio=ALL-UNNAMED --add-opens=java.desktop/sun.swing=ALL-UNNAMED --add-opens=java.desktop/javax.swing=ALL-UNNAMED --add-opens=java.desktop/javax.swing.tree=ALL-UNNAMED --add-opens=java.desktop/javax.swing.plaf.basic=ALL-UNNAMED --add-opens=java.desktop/javax.swing.plaf.synth=ALL-UNNAMED --add-opens=java.desktop/javax.swing.plaf.basic=ALL-UNNAMED --add-opens=java.desktop/javax.swing=ALL-UNNAMED --add-opens=java.desktop/javax.swing.tree=ALL-UNNAMED --add-opens=java.desktop/java.awt.event=ALL-UNNAMED --add-exports=java.desktop/javax.swing.plaf.synth=ALL-UNNAMED --add-exports=java.base/java.nio=ALL-UNNAMED --add-exports=java.desktop/sun.swing=ALL-UNNAMED --add-exports=java.desktop/javax.swing=ALL-UNNAMED --add-exports=java.desktop/javax.swing.tree=ALL-UNNAMED --add-exports=java.desktop/javax.swing.plaf.basic=ALL-UNNAMED --add-exports=java.desktop/sun.swing=ALL-UNNAMED --add-exports=java.desktop/sun.swing.table=ALL-UNNAMED --add-exports=java.desktop/sun.swing.plaf.synth=ALL-UNNAMED --add-exports=java.desktop/sun.awt.shell=ALL-UNNAMED --add-exports=java.base/sun.security.action=ALL-UNNAMED --add-exports=java.desktop/sun.font=ALL-UNNAMED -XX:NewSize=80m -XX:MaxNewSize=80m -Xms512m -Xmx4072m -Xss10m 
java_command: <unknown>
java_class_path (initial): C:/Xilinx/Vivado/2023.2\lib\classes\alloy.jar;C:/Xilinx/Vivado/2023.2\lib\classes\asm-9.3.jar;C:/Xilinx/Vivado/2023.2\lib\classes\asm-analysis-9.3.jar;C:/Xilinx/Vivado/2023.2\lib\classes\asm-commons-9.3.jar;C:/Xilinx/Vivado/2023.2\lib\classes\asm-tree-9.3.jar;C:/Xilinx/Vivado/2023.2\lib\classes\autoesl-models.jar;C:/Xilinx/Vivado/2023.2\lib\classes\batik-anim.jar;C:/Xilinx/Vivado/2023.2\lib\classes\batik-awt-util.jar;C:/Xilinx/Vivado/2023.2\lib\classes\batik-bridge.jar;C:/Xilinx/Vivado/2023.2\lib\classes\batik-codec.jar;C:/Xilinx/Vivado/2023.2\lib\classes\batik-constants.jar;C:/Xilinx/Vivado/2023.2\lib\classes\batik-css.jar;C:/Xilinx/Vivado/2023.2\lib\classes\batik-dom.jar;C:/Xilinx/Vivado/2023.2\lib\classes\batik-ext.jar;C:/Xilinx/Vivado/2023.2\lib\classes\batik-gui-util.jar;C:/Xilinx/Vivado/2023.2\lib\classes\batik-gvt.jar;C:/Xilinx/Vivado/2023.2\lib\classes\batik-i18n.jar;C:/Xilinx/Vivado/2023.2\lib\classes\batik-parser.jar;C:/Xilinx/Vivado/2023.2\lib\classes\batik-script.jar;C:/Xilinx/Vivado/2023.2\lib\classes\batik-svg-dom.jar;C:/Xilinx/Vivado/2023.2\lib\classes\batik-svggen.jar;C:/Xilinx/Vivado/2023.2\lib\classes\batik-swing.jar;C:/Xilinx/Vivado/2023.2\lib\classes\batik-transcoder.jar;C:/Xilinx/Vivado/2023.2\lib\classes\batik-util.jar;C:/Xilinx/Vivado/2023.2\lib\classes\batik-xml.jar;C:/Xilinx/Vivado/2023.2\lib\classes\com.fasterxml.jackson.core.jackson-annotations_2.12.1.v20210128-1726.jar;C:/Xilinx/Vivado/2023.2\lib\classes\com.fasterxml.jackson.core.jackson-core_2.12.1.v20210128-1726.jar;C:/Xilinx/Vivado/2023.2\lib\classes\com.fasterxml.jackson.core.jackson-databind_2.12.1.v20210128-1726.jar;C:/Xilinx/Vivado/2023.2\lib\classes\com.google.gson_2.8.9.v20220111-1409.jar;C:/Xilinx/Vivado/2023.2\lib\classes\com.google.guava_30.1.0.v20210127-2300.jar;C:/Xilinx/Vivado/2023.2\lib\classes\com.sigasi.hdt.connection_4.17.2.202304211001.jar;C:/Xilinx/Vivado/2023.2\lib\classes\com.sigasi.hdt.epl_4.17.2.202304211001.jar;C:/Xilinx/Vivado/2023.
Launcher Type: generic

[Global flags]
     intx CICompilerCount                          = 4                                         {product} {ergonomic}
     uint ConcGCThreads                            = 2                                         {product} {ergonomic}
     uint G1ConcRefinementThreads                  = 8                                         {product} {ergonomic}
   size_t G1HeapRegionSize                         = 2097152                                   {product} {ergonomic}
    uintx GCDrainStackTargetSize                   = 64                                        {product} {ergonomic}
   size_t InitialHeapSize                          = 536870912                                 {product} {command line}
   size_t MarkStackSize                            = 4194304                                   {product} {ergonomic}
    uintx MaxGCPauseMillis                         = 200                                       {product} {command line}
   size_t MaxHeapSize                              = 4269801472                                {product} {command line}
   size_t MaxNewSize                               = 83886080                                  {product} {command line}
   size_t MinHeapDeltaBytes                        = 2097152                                   {product} {ergonomic}
   size_t MinHeapSize                              = 536870912                                 {product} {command line}
   size_t NewSize                                  = 83886080                                  {product} {command line}
    uintx NonNMethodCodeHeapSize                   = 5839372                                {pd product} {ergonomic}
    uintx NonProfiledCodeHeapSize                  = 122909434                              {pd product} {ergonomic}
     bool ParallelRefProcEnabled                   = true                                      {product} {command line}
    uintx ProfiledCodeHeapSize                     = 122909434                              {pd product} {ergonomic}
    uintx ReservedCodeCacheSize                    = 251658240                              {pd product} {ergonomic}
     bool SegmentedCodeCache                       = true                                      {product} {ergonomic}
   size_t SoftMaxHeapSize                          = 4269801472                             {manageable} {ergonomic}
    uintx StringTableSize                          = 4072                                      {product} {command line}
     intx ThreadStackSize                          = 10240                                  {pd product} {command line}
     bool UseCompressedClassPointers               = true                           {product lp64_product} {ergonomic}
     bool UseCompressedOops                        = true                           {product lp64_product} {ergonomic}
     bool UseG1GC                                  = true                                      {product} {ergonomic}
     bool UseLargePagesIndividualAllocation        = false                                  {pd product} {ergonomic}
     bool UsePerfData                              = false                                     {product} {command line}
     bool UseStringDeduplication                   = true                                      {product} {command line}

Logging:
Log output configuration:
 #0: stdout all=warning uptime,level,tags
 #1: stderr all=off uptime,level,tags

Environment Variables:
PATH=C:/Xilinx/Vivado/2023.2\gnuwin\bin;C:/Xilinx/Vivado/2023.2\gnu\microblaze\nt\bin;C:/Xilinx/Vivado/2023.2/bin;C:/Xilinx/Vivado/2023.2/tps/win64/java-cef-95.0.4638.69/bin/lib/win64;C:/Xilinx/Vivado/2023.2/tps/win64/javafx-sdk-17.0.1/lib;C:/Xilinx/Vivado/2023.2/tps/win64/javafx-sdk-17.0.1/bin;C:/Xilinx/Vivado/2023.2/lib/win64.o;C:/Xilinx/Vivado/2023.2/tps/win64/jre17.0.7_7/bin/server;C:/Xilinx/Vivado/2023.2/tps/win64/jre17.0.7_7/bin;C:/Xilinx/Vivado/2023.2/ids_lite/ISE/bin/nt64;C:/Xilinx/Vivado/2023.2/ids_lite/ISE/lib/nt64;C:/Xilinx/Vitis_HLS/2023.2/bin;C:\WINDOWS\system32;C:\WINDOWS;C:\WINDOWS\System32\Wbem;C:\WINDOWS\System32\WindowsPowerShell\v1.0\;C:\WINDOWS\System32\OpenSSH\;C:\Program Files\Cloudflare\Cloudflare WARP\;C:\Program Files\Git\cmd;C:\Program Files\PuTTY\;C:\Users\Harsh\AppData\Local\Programs\Python\Python310\Scripts\;C:\Users\Harsh\AppData\Local\Programs\Python\Python310\;C:\Users\Harsh\AppData\Local\Programs\Python\Python312\Scripts\;C:\Users\Harsh\AppData\Local\Programs\Python\Python312\;C:\Users\Harsh\AppData\Local\Programs\Python\Launcher\;C:\Users\Harsh\AppData\Local\Microsoft\WindowsApps;;C:\Users\Harsh\AppData\Local\Programs\Microsoft VS Code\bin;C:\intelFPGA_lite\20.1\modelsim_ase\win32aloem;C:\Program Files (x86)\Nmap;C:/Xilinx/Vivado/2023.2\tps\mingw\6.2.0\win64.o\nt\bin;C:/Xilinx/Vivado/2023.2\tps\mingw\6.2.0\win64.o\nt\libexec\gcc\x86_64-w64-mingw32\6.2.0;C:/Xilinx/Vivado/2023.2\tps\win64\python-3.8.3;C:/Xilinx/Vivado/2023.2\tps\win64\python-3.8.3\bin;C:/Xilinx/Vivado/2023.2\tps\win64\python-3.8.3\lib;C:/Xilinx/Vivado/2023.2\tps\win64\python-3.8.3\lib\site-packages
USERNAME=Harsh
OS=Windows_NT
PROCESSOR_IDENTIFIER=Intel64 Family 6 Model 140 Stepping 1, GenuineIntel
TMP=C:\Users\Harsh\AppData\Local\Temp
TEMP=C:\Users\Harsh\AppData\Local\Temp



---------------  S Y S T E M  ---------------

OS:
 Windows 11 , 64 bit Build 22621 (10.0.22621.3527)
OS uptime: 0 days 23:07 hours

CPU: total 8 (initial active 8) (4 cores per cpu, 2 threads per core) family 6 model 140 stepping 1 microcode 0xac, cx8, cmov, fxsr, ht, mmx, 3dnowpref, sse, sse2, sse3, ssse3, sse4.1, sse4.2, popcnt, lzcnt, tsc, tscinvbit, avx, avx2, aes, erms, clmul, bmi1, bmi2, adx, avx512f, avx512dq, avx512cd, avx512bw, avx512vl, sha, fma, vzeroupper, avx512_vpopcntdq, avx512_vpclmulqdq, avx512_vaes, avx512_vnni, clflush, clflushopt, clwb, avx512_vbmi2, avx512_vbmi

Memory: 4k page, system-wide physical 16149M (6208M free)
TotalPageFile size 23317M (AvailPageFile size 10461M)
current process WorkingSet (physical memory assigned to process): 1187M, peak: 1187M
current process commit charge ("private bytes"): 1502M, peak: 1524M

vm_info: OpenJDK 64-Bit Server VM (17.0.7+7) for windows-amd64 JRE (17.0.7+7), built on Apr 18 2023 22:10:42 by "temurin" with MS VC++ 16.7 (VS2019)

END.
